<?xml version="1.0" encoding="UTF-8"?>
<!-- Generated by org.testng.reporters.JUnitXMLReporter -->
<testsuite ignored="0" hostname="DESKTOP-M3CURGL" failures="12" tests="17" name="Default test" time="172.341" errors="0" timestamp="2022-04-22T09:39:14 IST">
  <testcase classname="boatLifeStyle.Boat_Shop" name="boat_Login" time="26.975"/>
  <testcase classname="boatLifeStyle.Boat_Shop" name="boat_smokeTesting" time="35.287"/>
  <testcase classname="boatLifeStyle.Boat_Shop" name="boat_Shop" time="24.076"/>
  <testcase classname="boatLifeStyle.Boat_Shop" name="boat_Sailwithboat" time="5.777">
    <failure type="org.openqa.selenium.ElementClickInterceptedException" message="element click intercepted: Element &amp;lt;a href=&amp;quot;/collections/sail-with-boat&amp;quot;&amp;gt;...&amp;lt;/a&amp;gt; is not clickable at point (617, 10). Other element would receive the click: &amp;lt;nmg-templates template=&amp;quot;fun-4-template&amp;quot; props-as-string=&amp;quot;{&amp;amp;quot;logoImage&amp;amp;quot;:{&amp;amp;quot;src&amp;amp;quot;:&amp;amp;quot;https://templates.nmgplatform.com/ibpuserimages/BOGWEO780/boat-lifestyle.com/109380d2-0fb6-4ec4-a129-ba75e2e14fda_mobile.jpeg&amp;amp;quot;,&amp;amp;quot;width&amp;amp;quot;:100,&amp;amp;quot;height&amp;amp;quot;:75},&amp;amp;quot;couponCodeLabel&amp;amp;quot;:{&amp;amp;quot;color&amp;amp;quot;:&amp;amp;quot;#000000&amp;amp;quot;,&amp;amp;quot;value&amp;amp;quot;:&amp;amp;quot;NMG-U8N6-GVHD-58GY&amp;amp;quot;},&amp;amp;quot;couponCodeLabelSizing&amp;amp;quot;:{&amp;amp;quot;size&amp;amp;quot;:[8,12],&amp;amp;quot;sizeMobile&amp;amp;quot;:[6,8]},&amp;amp;quot;position&amp;amp;quot;:&amp;amp;quot;center_center&amp;amp;quot;,&amp;amp;quot;headingALabel&amp;amp;quot;:{&amp;amp;quot;value&amp;amp;quot;:[&amp;amp;quot;&amp;lt;span style=\&amp;amp;quot;font-weight: bold; color: rgb(223, 15, 15);\&amp;amp;quot;&amp;gt;SPECIAL&amp;lt;/span&amp;gt;&amp;amp;quot;,&amp;amp;quot;&amp;lt;span style=\&amp;amp;quot;font-weight: bold; color: rgb(224, 13, 13);\&amp;amp;quot;&amp;gt;OFF&amp;lt;/span&amp;gt;&amp;amp;quot;],&amp;amp;quot;color&amp;amp;quot;:&amp;amp;quot;rgb(223, 15, 15)&amp;amp;quot;},&amp;amp;quot;headingALabelSizing&amp;amp;quot;:{&amp;amp;quot;size&amp;amp;quot;:[16,42],&amp;amp;quot;sizeMobile&amp;amp;quot;:[12,32]},&amp;amp;quot;headingBLabel&amp;amp;quot;:{&amp;amp;quot;value&amp;amp;quot;:&amp;amp;quot;&amp;lt;span style=\&amp;amp;quot;color: rgb(255, 255, 255); font-weight: bold;\&amp;amp;quot;&amp;gt;ONLY FOR YOU!&amp;lt;/span&amp;gt;&amp;amp;quot;,&amp;amp;quot;color&amp;amp;quot;:&amp;amp;quot;#FFFFFF&amp;amp;quot;},&amp;amp;quot;headingBLabelSizing&amp;amp;quot;:{&amp;amp;quot;size&amp;amp;quot;:[12,16],&amp;amp;quot;sizeMobile&amp;amp;quot;:[8,16]},&amp;amp;quot;timeHeadlineLabel&amp;amp;quot;:{&amp;amp;quot;value&amp;amp;quot;:&amp;amp;quot;&amp;lt;span style=\&amp;amp;quot;color: rgb(254, 251, 251); font-weight: bold;\&amp;amp;quot;&amp;gt;Offer expires:&amp;lt;/span&amp;gt;&amp;amp;quot;,&amp;amp;quot;color&amp;amp;quot;:&amp;amp;quot;#FEFBFB&amp;amp;quot;},&amp;amp;quot;timeHeadlineLabelSizing&amp;amp;quot;:{&amp;amp;quot;size&amp;amp;quot;:[10,14],&amp;amp;quot;sizeMobile&amp;amp;quot;:[8,10]},&amp;amp;quot;timePhraseLabel&amp;amp;quot;:{&amp;amp;quot;value&amp;amp;quot;:&amp;amp;quot;By the end of the day&amp;amp;quot;,&amp;amp;quot;color&amp;amp;quot;:&amp;amp;quot;#FFFFFF&amp;amp;quot;},&amp;amp;quot;timePhraseLabelSizing&amp;amp;quot;:{&amp;amp;quot;size&amp;amp;quot;:[10,14],&amp;amp;quot;sizeMobile&amp;amp;quot;:[8,10]},&amp;amp;quot;ctaLabel&amp;amp;quot;:{&amp;amp;quot;value&amp;amp;quot;:&amp;amp;quot;&amp;lt;span style=\&amp;amp;quot;font-weight: bold; color: rgb(0, 0, 0);\&amp;amp;quot;&amp;gt;Copy Coupon Code&amp;lt;/span&amp;gt;&amp;amp;quot;,&amp;amp;quot;color&amp;amp;quot;:&amp;amp;quot;#000000&amp;amp;quot;},&amp;amp;quot;ctaConfirmationLabel&amp;amp;quot;:{&amp;amp;quot;value&amp;amp;quot;:&amp;amp;quot;Copied!&amp;amp;quot;,&amp;amp;quot;color&amp;amp;quot;:&amp;amp;quot;#000000&amp;amp;quot;},&amp;amp;quot;ctaLabelSizing&amp;amp;quot;:{&amp;amp;quot;size&amp;amp;quot;:[10,14],&amp;amp;quot;sizeMobile&amp;amp;quot;:[8,16]},&amp;amp;quot;noteLabel&amp;amp;quot;:{&amp;amp;quot;value&amp;amp;quot;:&amp;amp;quot;&amp;lt;span style=\&amp;amp;quot;color: rgb(255, 255, 255);\&amp;amp;quot;&amp;gt;*SOME ITEMS MAY BE EXCLUDED&amp;lt;/span&amp;gt;&amp;amp;quot;,&amp;amp;quot;color&amp;amp;quot;:&amp;amp;quot;#FFFFFF&amp;amp;quot;},&amp;amp;quot;noteLabelSizing&amp;amp;quot;:{&amp;amp;quot;size&amp;amp;quot;:[10,12],&amp;amp;quot;sizeMobile&amp;amp;quot;:[6,8]},&amp;amp;quot;poweredByLabel&amp;amp;quot;:null,&amp;amp;quot;overlay&amp;amp;quot;:false,&amp;amp;quot;mainColor&amp;amp;quot;:&amp;amp;quot;#000000&amp;amp;quot;,&amp;amp;quot;isTimer&amp;amp;quot;:true,&amp;amp;quot;complementaryColors&amp;amp;quot;:[&amp;amp;quot;#FFFAFA&amp;amp;quot;,&amp;amp;quot;#B71616&amp;amp;quot;,&amp;amp;quot;#000000&amp;amp;quot;],&amp;amp;quot;couponCodeVisible&amp;amp;quot;:false,&amp;amp;quot;withXButton&amp;amp;quot;:true,&amp;amp;quot;positionType&amp;amp;quot;:&amp;amp;quot;absolute&amp;amp;quot;,&amp;amp;quot;timeBackgroundColor&amp;amp;quot;:&amp;amp;quot;unset&amp;amp;quot;,&amp;amp;quot;endTime&amp;amp;quot;:&amp;amp;quot;2022-04-22T17:59:59.000Z&amp;amp;quot;,&amp;amp;quot;scale&amp;amp;quot;:&amp;amp;quot;1&amp;amp;quot;,&amp;amp;quot;showBlackBG&amp;amp;quot;:true,&amp;amp;quot;isClient&amp;amp;quot;:true,&amp;amp;quot;discountValue&amp;amp;quot;:10,&amp;amp;quot;currency&amp;amp;quot;:&amp;amp;quot;%&amp;amp;quot;,&amp;amp;quot;couponCode&amp;amp;quot;:&amp;amp;quot;NMG-U8N6-GVHD-58GY&amp;amp;quot;}&amp;quot; id=&amp;quot;nmg-templates&amp;quot; class=&amp;quot;needsclick&amp;quot; dates-as-string=&amp;quot;[&amp;amp;quot;endTime&amp;amp;quot;]&amp;quot; style=&amp;quot;pointer-events: auto;&amp;quot;&amp;gt;&amp;lt;/nmg-templates&amp;gt;
  (Session info: chrome=100.0.4896.127)
Build info: version: &amp;apos;4.1.2&amp;apos;, revision: &amp;apos;9a5a329c5a&amp;apos;
System info: host: &amp;apos;DESKTOP-M3CURGL&amp;apos;, ip: &amp;apos;192.168.0.11&amp;apos;, os.name: &amp;apos;Windows 10&amp;apos;, os.arch: &amp;apos;amd64&amp;apos;, os.version: &amp;apos;10.0&amp;apos;, java.version: &amp;apos;17.0.1&amp;apos;
Driver info: org.openqa.selenium.chrome.ChromeDriver
Command: [074477ceb418cec6329dc2476cf329f3, clickElement {id=a87e21a9-6b23-41ee-85cd-bacb3d23427c}]
Capabilities {acceptInsecureCerts: false, browserName: chrome, browserVersion: 100.0.4896.127, chrome: {chromedriverVersion: 99.0.4844.51 (d537ec02474b5..., userDataDir: C:\Users\samee\AppData\Loca...}, goog:chromeOptions: {debuggerAddress: localhost:50756}, javascriptEnabled: true, networkConnectionEnabled: false, pageLoadStrategy: normal, platform: WINDOWS, platformName: WINDOWS, proxy: Proxy(), se:cdp: ws://localhost:50756/devtoo..., se:cdpVersion: 100.0.4896.127, setWindowRect: true, strictFileInteractability: false, timeouts: {implicit: 0, pageLoad: 300000, script: 30000}, unhandledPromptBehavior: dismiss and notify, webauthn:extension:credBlob: true, webauthn:extension:largeBlob: true, webauthn:virtualAuthenticators: true}
Element: [[ChromeDriver: chrome on WINDOWS (074477ceb418cec6329dc2476cf329f3)] -&amp;gt; xpath: //a[@href=&amp;apos;/collections/sail-with-boat&amp;apos;]]
Session ID: 074477ceb418cec6329dc2476cf329f3">
      <![CDATA[org.openqa.selenium.ElementClickInterceptedException: element click intercepted: Element <a href="/collections/sail-with-boat">...</a> is not clickable at point (617, 10). Other element would receive the click: <nmg-templates template="fun-4-template" props-as-string="{&quot;logoImage&quot;:{&quot;src&quot;:&quot;https://templates.nmgplatform.com/ibpuserimages/BOGWEO780/boat-lifestyle.com/109380d2-0fb6-4ec4-a129-ba75e2e14fda_mobile.jpeg&quot;,&quot;width&quot;:100,&quot;height&quot;:75},&quot;couponCodeLabel&quot;:{&quot;color&quot;:&quot;#000000&quot;,&quot;value&quot;:&quot;NMG-U8N6-GVHD-58GY&quot;},&quot;couponCodeLabelSizing&quot;:{&quot;size&quot;:[8,12],&quot;sizeMobile&quot;:[6,8]},&quot;position&quot;:&quot;center_center&quot;,&quot;headingALabel&quot;:{&quot;value&quot;:[&quot;<span style=\&quot;font-weight: bold; color: rgb(223, 15, 15);\&quot;>SPECIAL</span>&quot;,&quot;<span style=\&quot;font-weight: bold; color: rgb(224, 13, 13);\&quot;>OFF</span>&quot;],&quot;color&quot;:&quot;rgb(223, 15, 15)&quot;},&quot;headingALabelSizing&quot;:{&quot;size&quot;:[16,42],&quot;sizeMobile&quot;:[12,32]},&quot;headingBLabel&quot;:{&quot;value&quot;:&quot;<span style=\&quot;color: rgb(255, 255, 255); font-weight: bold;\&quot;>ONLY FOR YOU!</span>&quot;,&quot;color&quot;:&quot;#FFFFFF&quot;},&quot;headingBLabelSizing&quot;:{&quot;size&quot;:[12,16],&quot;sizeMobile&quot;:[8,16]},&quot;timeHeadlineLabel&quot;:{&quot;value&quot;:&quot;<span style=\&quot;color: rgb(254, 251, 251); font-weight: bold;\&quot;>Offer expires:</span>&quot;,&quot;color&quot;:&quot;#FEFBFB&quot;},&quot;timeHeadlineLabelSizing&quot;:{&quot;size&quot;:[10,14],&quot;sizeMobile&quot;:[8,10]},&quot;timePhraseLabel&quot;:{&quot;value&quot;:&quot;By the end of the day&quot;,&quot;color&quot;:&quot;#FFFFFF&quot;},&quot;timePhraseLabelSizing&quot;:{&quot;size&quot;:[10,14],&quot;sizeMobile&quot;:[8,10]},&quot;ctaLabel&quot;:{&quot;value&quot;:&quot;<span style=\&quot;font-weight: bold; color: rgb(0, 0, 0);\&quot;>Copy Coupon Code</span>&quot;,&quot;color&quot;:&quot;#000000&quot;},&quot;ctaConfirmationLabel&quot;:{&quot;value&quot;:&quot;Copied!&quot;,&quot;color&quot;:&quot;#000000&quot;},&quot;ctaLabelSizing&quot;:{&quot;size&quot;:[10,14],&quot;sizeMobile&quot;:[8,16]},&quot;noteLabel&quot;:{&quot;value&quot;:&quot;<span style=\&quot;color: rgb(255, 255, 255);\&quot;>*SOME ITEMS MAY BE EXCLUDED</span>&quot;,&quot;color&quot;:&quot;#FFFFFF&quot;},&quot;noteLabelSizing&quot;:{&quot;size&quot;:[10,12],&quot;sizeMobile&quot;:[6,8]},&quot;poweredByLabel&quot;:null,&quot;overlay&quot;:false,&quot;mainColor&quot;:&quot;#000000&quot;,&quot;isTimer&quot;:true,&quot;complementaryColors&quot;:[&quot;#FFFAFA&quot;,&quot;#B71616&quot;,&quot;#000000&quot;],&quot;couponCodeVisible&quot;:false,&quot;withXButton&quot;:true,&quot;positionType&quot;:&quot;absolute&quot;,&quot;timeBackgroundColor&quot;:&quot;unset&quot;,&quot;endTime&quot;:&quot;2022-04-22T17:59:59.000Z&quot;,&quot;scale&quot;:&quot;1&quot;,&quot;showBlackBG&quot;:true,&quot;isClient&quot;:true,&quot;discountValue&quot;:10,&quot;currency&quot;:&quot;%&quot;,&quot;couponCode&quot;:&quot;NMG-U8N6-GVHD-58GY&quot;}" id="nmg-templates" class="needsclick" dates-as-string="[&quot;endTime&quot;]" style="pointer-events: auto;"></nmg-templates>
  (Session info: chrome=100.0.4896.127)
Build info: version: '4.1.2', revision: '9a5a329c5a'
System info: host: 'DESKTOP-M3CURGL', ip: '192.168.0.11', os.name: 'Windows 10', os.arch: 'amd64', os.version: '10.0', java.version: '17.0.1'
Driver info: org.openqa.selenium.chrome.ChromeDriver
Command: [074477ceb418cec6329dc2476cf329f3, clickElement {id=a87e21a9-6b23-41ee-85cd-bacb3d23427c}]
Capabilities {acceptInsecureCerts: false, browserName: chrome, browserVersion: 100.0.4896.127, chrome: {chromedriverVersion: 99.0.4844.51 (d537ec02474b5..., userDataDir: C:\Users\samee\AppData\Loca...}, goog:chromeOptions: {debuggerAddress: localhost:50756}, javascriptEnabled: true, networkConnectionEnabled: false, pageLoadStrategy: normal, platform: WINDOWS, platformName: WINDOWS, proxy: Proxy(), se:cdp: ws://localhost:50756/devtoo..., se:cdpVersion: 100.0.4896.127, setWindowRect: true, strictFileInteractability: false, timeouts: {implicit: 0, pageLoad: 300000, script: 30000}, unhandledPromptBehavior: dismiss and notify, webauthn:extension:credBlob: true, webauthn:extension:largeBlob: true, webauthn:virtualAuthenticators: true}
Element: [[ChromeDriver: chrome on WINDOWS (074477ceb418cec6329dc2476cf329f3)] -> xpath: //a[@href='/collections/sail-with-boat']]
Session ID: 074477ceb418cec6329dc2476cf329f3
at java.base/jdk.internal.reflect.NativeConstructorAccessorImpl.newInstance0(Native Method)
at java.base/jdk.internal.reflect.NativeConstructorAccessorImpl.newInstance(NativeConstructorAccessorImpl.java:77)
at java.base/jdk.internal.reflect.DelegatingConstructorAccessorImpl.newInstance(DelegatingConstructorAccessorImpl.java:45)
at java.base/java.lang.reflect.Constructor.newInstanceWithCaller(Constructor.java:499)
at java.base/java.lang.reflect.Constructor.newInstance(Constructor.java:480)
at org.openqa.selenium.remote.codec.w3c.W3CHttpResponseCodec.createException(W3CHttpResponseCodec.java:200)
at org.openqa.selenium.remote.codec.w3c.W3CHttpResponseCodec.decode(W3CHttpResponseCodec.java:133)
at org.openqa.selenium.remote.codec.w3c.W3CHttpResponseCodec.decode(W3CHttpResponseCodec.java:53)
at org.openqa.selenium.remote.HttpCommandExecutor.execute(HttpCommandExecutor.java:184)
at org.openqa.selenium.remote.service.DriverCommandExecutor.invokeExecute(DriverCommandExecutor.java:167)
at org.openqa.selenium.remote.service.DriverCommandExecutor.execute(DriverCommandExecutor.java:142)
at org.openqa.selenium.remote.RemoteWebDriver.execute(RemoteWebDriver.java:558)
at org.openqa.selenium.remote.RemoteWebElement.execute(RemoteWebElement.java:251)
at org.openqa.selenium.remote.RemoteWebElement.click(RemoteWebElement.java:77)
at boatLifeStyle.Boat_Shop.boat_Sailwithboat(Boat_Shop.java:121)
at java.base/jdk.internal.reflect.NativeMethodAccessorImpl.invoke0(Native Method)
at java.base/jdk.internal.reflect.NativeMethodAccessorImpl.invoke(NativeMethodAccessorImpl.java:77)
at java.base/jdk.internal.reflect.DelegatingMethodAccessorImpl.invoke(DelegatingMethodAccessorImpl.java:43)
at java.base/java.lang.reflect.Method.invoke(Method.java:568)
at org.testng.internal.MethodInvocationHelper.invokeMethod(MethodInvocationHelper.java:133)
at org.testng.internal.TestInvoker.invokeMethod(TestInvoker.java:598)
at org.testng.internal.TestInvoker.invokeTestMethod(TestInvoker.java:173)
at org.testng.internal.MethodRunner.runInSequence(MethodRunner.java:46)
at org.testng.internal.TestInvoker$MethodInvocationAgent.invoke(TestInvoker.java:824)
at org.testng.internal.TestInvoker.invokeTestMethods(TestInvoker.java:146)
at org.testng.internal.TestMethodWorker.invokeTestMethods(TestMethodWorker.java:146)
at org.testng.internal.TestMethodWorker.run(TestMethodWorker.java:128)
at java.base/java.util.ArrayList.forEach(ArrayList.java:1511)
at org.testng.TestRunner.privateRun(TestRunner.java:794)
at org.testng.TestRunner.run(TestRunner.java:596)
at org.testng.SuiteRunner.runTest(SuiteRunner.java:377)
at org.testng.SuiteRunner.runSequentially(SuiteRunner.java:371)
at org.testng.SuiteRunner.privateRun(SuiteRunner.java:332)
at org.testng.SuiteRunner.run(SuiteRunner.java:276)
at org.testng.SuiteRunnerWorker.runSuite(SuiteRunnerWorker.java:53)
at org.testng.SuiteRunnerWorker.run(SuiteRunnerWorker.java:96)
at org.testng.TestNG.runSuitesSequentially(TestNG.java:1212)
at org.testng.TestNG.runSuitesLocally(TestNG.java:1134)
at org.testng.TestNG.runSuites(TestNG.java:1063)
at org.testng.TestNG.run(TestNG.java:1031)
at org.testng.remote.AbstractRemoteTestNG.run(AbstractRemoteTestNG.java:115)
at org.testng.remote.RemoteTestNG.initAndRun(RemoteTestNG.java:251)
at org.testng.remote.RemoteTestNG.main(RemoteTestNG.java:77)
]]>
    </failure>
  </testcase> <!-- boat_Sailwithboat -->
  <testcase classname="boatLifeStyle.Boat_Shop" name="boat_Gifting" time="1.533">
    <failure type="org.openqa.selenium.ElementClickInterceptedException" message="element click intercepted: Element &amp;lt;a href=&amp;quot;javascript:void(0)&amp;quot; class=&amp;quot;has-children&amp;quot; aria-haspopup=&amp;quot;true&amp;quot;&amp;gt;...&amp;lt;/a&amp;gt; is not clickable at point (711, 10). Other element would receive the click: &amp;lt;nmg-templates template=&amp;quot;fun-4-template&amp;quot; props-as-string=&amp;quot;{&amp;amp;quot;logoImage&amp;amp;quot;:{&amp;amp;quot;src&amp;amp;quot;:&amp;amp;quot;https://templates.nmgplatform.com/ibpuserimages/BOGWEO780/boat-lifestyle.com/109380d2-0fb6-4ec4-a129-ba75e2e14fda_mobile.jpeg&amp;amp;quot;,&amp;amp;quot;width&amp;amp;quot;:100,&amp;amp;quot;height&amp;amp;quot;:75},&amp;amp;quot;couponCodeLabel&amp;amp;quot;:{&amp;amp;quot;color&amp;amp;quot;:&amp;amp;quot;#000000&amp;amp;quot;,&amp;amp;quot;value&amp;amp;quot;:&amp;amp;quot;NMG-U8N6-GVHD-58GY&amp;amp;quot;},&amp;amp;quot;couponCodeLabelSizing&amp;amp;quot;:{&amp;amp;quot;size&amp;amp;quot;:[8,12],&amp;amp;quot;sizeMobile&amp;amp;quot;:[6,8]},&amp;amp;quot;position&amp;amp;quot;:&amp;amp;quot;center_center&amp;amp;quot;,&amp;amp;quot;headingALabel&amp;amp;quot;:{&amp;amp;quot;value&amp;amp;quot;:[&amp;amp;quot;&amp;lt;span style=\&amp;amp;quot;font-weight: bold; color: rgb(223, 15, 15);\&amp;amp;quot;&amp;gt;SPECIAL&amp;lt;/span&amp;gt;&amp;amp;quot;,&amp;amp;quot;&amp;lt;span style=\&amp;amp;quot;font-weight: bold; color: rgb(224, 13, 13);\&amp;amp;quot;&amp;gt;OFF&amp;lt;/span&amp;gt;&amp;amp;quot;],&amp;amp;quot;color&amp;amp;quot;:&amp;amp;quot;rgb(223, 15, 15)&amp;amp;quot;},&amp;amp;quot;headingALabelSizing&amp;amp;quot;:{&amp;amp;quot;size&amp;amp;quot;:[16,42],&amp;amp;quot;sizeMobile&amp;amp;quot;:[12,32]},&amp;amp;quot;headingBLabel&amp;amp;quot;:{&amp;amp;quot;value&amp;amp;quot;:&amp;amp;quot;&amp;lt;span style=\&amp;amp;quot;color: rgb(255, 255, 255); font-weight: bold;\&amp;amp;quot;&amp;gt;ONLY FOR YOU!&amp;lt;/span&amp;gt;&amp;amp;quot;,&amp;amp;quot;color&amp;amp;quot;:&amp;amp;quot;#FFFFFF&amp;amp;quot;},&amp;amp;quot;headingBLabelSizing&amp;amp;quot;:{&amp;amp;quot;size&amp;amp;quot;:[12,16],&amp;amp;quot;sizeMobile&amp;amp;quot;:[8,16]},&amp;amp;quot;timeHeadlineLabel&amp;amp;quot;:{&amp;amp;quot;value&amp;amp;quot;:&amp;amp;quot;&amp;lt;span style=\&amp;amp;quot;color: rgb(254, 251, 251); font-weight: bold;\&amp;amp;quot;&amp;gt;Offer expires:&amp;lt;/span&amp;gt;&amp;amp;quot;,&amp;amp;quot;color&amp;amp;quot;:&amp;amp;quot;#FEFBFB&amp;amp;quot;},&amp;amp;quot;timeHeadlineLabelSizing&amp;amp;quot;:{&amp;amp;quot;size&amp;amp;quot;:[10,14],&amp;amp;quot;sizeMobile&amp;amp;quot;:[8,10]},&amp;amp;quot;timePhraseLabel&amp;amp;quot;:{&amp;amp;quot;value&amp;amp;quot;:&amp;amp;quot;By the end of the day&amp;amp;quot;,&amp;amp;quot;color&amp;amp;quot;:&amp;amp;quot;#FFFFFF&amp;amp;quot;},&amp;amp;quot;timePhraseLabelSizing&amp;amp;quot;:{&amp;amp;quot;size&amp;amp;quot;:[10,14],&amp;amp;quot;sizeMobile&amp;amp;quot;:[8,10]},&amp;amp;quot;ctaLabel&amp;amp;quot;:{&amp;amp;quot;value&amp;amp;quot;:&amp;amp;quot;&amp;lt;span style=\&amp;amp;quot;font-weight: bold; color: rgb(0, 0, 0);\&amp;amp;quot;&amp;gt;Copy Coupon Code&amp;lt;/span&amp;gt;&amp;amp;quot;,&amp;amp;quot;color&amp;amp;quot;:&amp;amp;quot;#000000&amp;amp;quot;},&amp;amp;quot;ctaConfirmationLabel&amp;amp;quot;:{&amp;amp;quot;value&amp;amp;quot;:&amp;amp;quot;Copied!&amp;amp;quot;,&amp;amp;quot;color&amp;amp;quot;:&amp;amp;quot;#000000&amp;amp;quot;},&amp;amp;quot;ctaLabelSizing&amp;amp;quot;:{&amp;amp;quot;size&amp;amp;quot;:[10,14],&amp;amp;quot;sizeMobile&amp;amp;quot;:[8,16]},&amp;amp;quot;noteLabel&amp;amp;quot;:{&amp;amp;quot;value&amp;amp;quot;:&amp;amp;quot;&amp;lt;span style=\&amp;amp;quot;color: rgb(255, 255, 255);\&amp;amp;quot;&amp;gt;*SOME ITEMS MAY BE EXCLUDED&amp;lt;/span&amp;gt;&amp;amp;quot;,&amp;amp;quot;color&amp;amp;quot;:&amp;amp;quot;#FFFFFF&amp;amp;quot;},&amp;amp;quot;noteLabelSizing&amp;amp;quot;:{&amp;amp;quot;size&amp;amp;quot;:[10,12],&amp;amp;quot;sizeMobile&amp;amp;quot;:[6,8]},&amp;amp;quot;poweredByLabel&amp;amp;quot;:null,&amp;amp;quot;overlay&amp;amp;quot;:false,&amp;amp;quot;mainColor&amp;amp;quot;:&amp;amp;quot;#000000&amp;amp;quot;,&amp;amp;quot;isTimer&amp;amp;quot;:true,&amp;amp;quot;complementaryColors&amp;amp;quot;:[&amp;amp;quot;#FFFAFA&amp;amp;quot;,&amp;amp;quot;#B71616&amp;amp;quot;,&amp;amp;quot;#000000&amp;amp;quot;],&amp;amp;quot;couponCodeVisible&amp;amp;quot;:false,&amp;amp;quot;withXButton&amp;amp;quot;:true,&amp;amp;quot;positionType&amp;amp;quot;:&amp;amp;quot;absolute&amp;amp;quot;,&amp;amp;quot;timeBackgroundColor&amp;amp;quot;:&amp;amp;quot;unset&amp;amp;quot;,&amp;amp;quot;endTime&amp;amp;quot;:&amp;amp;quot;2022-04-22T17:59:59.000Z&amp;amp;quot;,&amp;amp;quot;scale&amp;amp;quot;:&amp;amp;quot;1&amp;amp;quot;,&amp;amp;quot;showBlackBG&amp;amp;quot;:true,&amp;amp;quot;isClient&amp;amp;quot;:true,&amp;amp;quot;discountValue&amp;amp;quot;:10,&amp;amp;quot;currency&amp;amp;quot;:&amp;amp;quot;%&amp;amp;quot;,&amp;amp;quot;couponCode&amp;amp;quot;:&amp;amp;quot;NMG-U8N6-GVHD-58GY&amp;amp;quot;}&amp;quot; id=&amp;quot;nmg-templates&amp;quot; class=&amp;quot;needsclick&amp;quot; dates-as-string=&amp;quot;[&amp;amp;quot;endTime&amp;amp;quot;]&amp;quot; style=&amp;quot;pointer-events: auto;&amp;quot;&amp;gt;&amp;lt;/nmg-templates&amp;gt;
  (Session info: chrome=100.0.4896.127)
Build info: version: &amp;apos;4.1.2&amp;apos;, revision: &amp;apos;9a5a329c5a&amp;apos;
System info: host: &amp;apos;DESKTOP-M3CURGL&amp;apos;, ip: &amp;apos;192.168.0.11&amp;apos;, os.name: &amp;apos;Windows 10&amp;apos;, os.arch: &amp;apos;amd64&amp;apos;, os.version: &amp;apos;10.0&amp;apos;, java.version: &amp;apos;17.0.1&amp;apos;
Driver info: org.openqa.selenium.chrome.ChromeDriver
Command: [074477ceb418cec6329dc2476cf329f3, clickElement {id=86c6ba76-7e05-4b82-a218-9bbf6adff069}]
Capabilities {acceptInsecureCerts: false, browserName: chrome, browserVersion: 100.0.4896.127, chrome: {chromedriverVersion: 99.0.4844.51 (d537ec02474b5..., userDataDir: C:\Users\samee\AppData\Loca...}, goog:chromeOptions: {debuggerAddress: localhost:50756}, javascriptEnabled: true, networkConnectionEnabled: false, pageLoadStrategy: normal, platform: WINDOWS, platformName: WINDOWS, proxy: Proxy(), se:cdp: ws://localhost:50756/devtoo..., se:cdpVersion: 100.0.4896.127, setWindowRect: true, strictFileInteractability: false, timeouts: {implicit: 0, pageLoad: 300000, script: 30000}, unhandledPromptBehavior: dismiss and notify, webauthn:extension:credBlob: true, webauthn:extension:largeBlob: true, webauthn:virtualAuthenticators: true}
Element: [[ChromeDriver: chrome on WINDOWS (074477ceb418cec6329dc2476cf329f3)] -&amp;gt; xpath: //*[@id=&amp;quot;pageheader&amp;quot;]/div[2]/div[2]/ul/li[3]/a]
Session ID: 074477ceb418cec6329dc2476cf329f3">
      <![CDATA[org.openqa.selenium.ElementClickInterceptedException: element click intercepted: Element <a href="javascript:void(0)" class="has-children" aria-haspopup="true">...</a> is not clickable at point (711, 10). Other element would receive the click: <nmg-templates template="fun-4-template" props-as-string="{&quot;logoImage&quot;:{&quot;src&quot;:&quot;https://templates.nmgplatform.com/ibpuserimages/BOGWEO780/boat-lifestyle.com/109380d2-0fb6-4ec4-a129-ba75e2e14fda_mobile.jpeg&quot;,&quot;width&quot;:100,&quot;height&quot;:75},&quot;couponCodeLabel&quot;:{&quot;color&quot;:&quot;#000000&quot;,&quot;value&quot;:&quot;NMG-U8N6-GVHD-58GY&quot;},&quot;couponCodeLabelSizing&quot;:{&quot;size&quot;:[8,12],&quot;sizeMobile&quot;:[6,8]},&quot;position&quot;:&quot;center_center&quot;,&quot;headingALabel&quot;:{&quot;value&quot;:[&quot;<span style=\&quot;font-weight: bold; color: rgb(223, 15, 15);\&quot;>SPECIAL</span>&quot;,&quot;<span style=\&quot;font-weight: bold; color: rgb(224, 13, 13);\&quot;>OFF</span>&quot;],&quot;color&quot;:&quot;rgb(223, 15, 15)&quot;},&quot;headingALabelSizing&quot;:{&quot;size&quot;:[16,42],&quot;sizeMobile&quot;:[12,32]},&quot;headingBLabel&quot;:{&quot;value&quot;:&quot;<span style=\&quot;color: rgb(255, 255, 255); font-weight: bold;\&quot;>ONLY FOR YOU!</span>&quot;,&quot;color&quot;:&quot;#FFFFFF&quot;},&quot;headingBLabelSizing&quot;:{&quot;size&quot;:[12,16],&quot;sizeMobile&quot;:[8,16]},&quot;timeHeadlineLabel&quot;:{&quot;value&quot;:&quot;<span style=\&quot;color: rgb(254, 251, 251); font-weight: bold;\&quot;>Offer expires:</span>&quot;,&quot;color&quot;:&quot;#FEFBFB&quot;},&quot;timeHeadlineLabelSizing&quot;:{&quot;size&quot;:[10,14],&quot;sizeMobile&quot;:[8,10]},&quot;timePhraseLabel&quot;:{&quot;value&quot;:&quot;By the end of the day&quot;,&quot;color&quot;:&quot;#FFFFFF&quot;},&quot;timePhraseLabelSizing&quot;:{&quot;size&quot;:[10,14],&quot;sizeMobile&quot;:[8,10]},&quot;ctaLabel&quot;:{&quot;value&quot;:&quot;<span style=\&quot;font-weight: bold; color: rgb(0, 0, 0);\&quot;>Copy Coupon Code</span>&quot;,&quot;color&quot;:&quot;#000000&quot;},&quot;ctaConfirmationLabel&quot;:{&quot;value&quot;:&quot;Copied!&quot;,&quot;color&quot;:&quot;#000000&quot;},&quot;ctaLabelSizing&quot;:{&quot;size&quot;:[10,14],&quot;sizeMobile&quot;:[8,16]},&quot;noteLabel&quot;:{&quot;value&quot;:&quot;<span style=\&quot;color: rgb(255, 255, 255);\&quot;>*SOME ITEMS MAY BE EXCLUDED</span>&quot;,&quot;color&quot;:&quot;#FFFFFF&quot;},&quot;noteLabelSizing&quot;:{&quot;size&quot;:[10,12],&quot;sizeMobile&quot;:[6,8]},&quot;poweredByLabel&quot;:null,&quot;overlay&quot;:false,&quot;mainColor&quot;:&quot;#000000&quot;,&quot;isTimer&quot;:true,&quot;complementaryColors&quot;:[&quot;#FFFAFA&quot;,&quot;#B71616&quot;,&quot;#000000&quot;],&quot;couponCodeVisible&quot;:false,&quot;withXButton&quot;:true,&quot;positionType&quot;:&quot;absolute&quot;,&quot;timeBackgroundColor&quot;:&quot;unset&quot;,&quot;endTime&quot;:&quot;2022-04-22T17:59:59.000Z&quot;,&quot;scale&quot;:&quot;1&quot;,&quot;showBlackBG&quot;:true,&quot;isClient&quot;:true,&quot;discountValue&quot;:10,&quot;currency&quot;:&quot;%&quot;,&quot;couponCode&quot;:&quot;NMG-U8N6-GVHD-58GY&quot;}" id="nmg-templates" class="needsclick" dates-as-string="[&quot;endTime&quot;]" style="pointer-events: auto;"></nmg-templates>
  (Session info: chrome=100.0.4896.127)
Build info: version: '4.1.2', revision: '9a5a329c5a'
System info: host: 'DESKTOP-M3CURGL', ip: '192.168.0.11', os.name: 'Windows 10', os.arch: 'amd64', os.version: '10.0', java.version: '17.0.1'
Driver info: org.openqa.selenium.chrome.ChromeDriver
Command: [074477ceb418cec6329dc2476cf329f3, clickElement {id=86c6ba76-7e05-4b82-a218-9bbf6adff069}]
Capabilities {acceptInsecureCerts: false, browserName: chrome, browserVersion: 100.0.4896.127, chrome: {chromedriverVersion: 99.0.4844.51 (d537ec02474b5..., userDataDir: C:\Users\samee\AppData\Loca...}, goog:chromeOptions: {debuggerAddress: localhost:50756}, javascriptEnabled: true, networkConnectionEnabled: false, pageLoadStrategy: normal, platform: WINDOWS, platformName: WINDOWS, proxy: Proxy(), se:cdp: ws://localhost:50756/devtoo..., se:cdpVersion: 100.0.4896.127, setWindowRect: true, strictFileInteractability: false, timeouts: {implicit: 0, pageLoad: 300000, script: 30000}, unhandledPromptBehavior: dismiss and notify, webauthn:extension:credBlob: true, webauthn:extension:largeBlob: true, webauthn:virtualAuthenticators: true}
Element: [[ChromeDriver: chrome on WINDOWS (074477ceb418cec6329dc2476cf329f3)] -> xpath: //*[@id="pageheader"]/div[2]/div[2]/ul/li[3]/a]
Session ID: 074477ceb418cec6329dc2476cf329f3
at java.base/jdk.internal.reflect.NativeConstructorAccessorImpl.newInstance0(Native Method)
at java.base/jdk.internal.reflect.NativeConstructorAccessorImpl.newInstance(NativeConstructorAccessorImpl.java:77)
at java.base/jdk.internal.reflect.DelegatingConstructorAccessorImpl.newInstance(DelegatingConstructorAccessorImpl.java:45)
at java.base/java.lang.reflect.Constructor.newInstanceWithCaller(Constructor.java:499)
at java.base/java.lang.reflect.Constructor.newInstance(Constructor.java:480)
at org.openqa.selenium.remote.codec.w3c.W3CHttpResponseCodec.createException(W3CHttpResponseCodec.java:200)
at org.openqa.selenium.remote.codec.w3c.W3CHttpResponseCodec.decode(W3CHttpResponseCodec.java:133)
at org.openqa.selenium.remote.codec.w3c.W3CHttpResponseCodec.decode(W3CHttpResponseCodec.java:53)
at org.openqa.selenium.remote.HttpCommandExecutor.execute(HttpCommandExecutor.java:184)
at org.openqa.selenium.remote.service.DriverCommandExecutor.invokeExecute(DriverCommandExecutor.java:167)
at org.openqa.selenium.remote.service.DriverCommandExecutor.execute(DriverCommandExecutor.java:142)
at org.openqa.selenium.remote.RemoteWebDriver.execute(RemoteWebDriver.java:558)
at org.openqa.selenium.remote.RemoteWebElement.execute(RemoteWebElement.java:251)
at org.openqa.selenium.remote.RemoteWebElement.click(RemoteWebElement.java:77)
at boatLifeStyle.Boat_Shop.boat_Gifting(Boat_Shop.java:135)
at java.base/jdk.internal.reflect.NativeMethodAccessorImpl.invoke0(Native Method)
at java.base/jdk.internal.reflect.NativeMethodAccessorImpl.invoke(NativeMethodAccessorImpl.java:77)
at java.base/jdk.internal.reflect.DelegatingMethodAccessorImpl.invoke(DelegatingMethodAccessorImpl.java:43)
at java.base/java.lang.reflect.Method.invoke(Method.java:568)
at org.testng.internal.MethodInvocationHelper.invokeMethod(MethodInvocationHelper.java:133)
at org.testng.internal.TestInvoker.invokeMethod(TestInvoker.java:598)
at org.testng.internal.TestInvoker.invokeTestMethod(TestInvoker.java:173)
at org.testng.internal.MethodRunner.runInSequence(MethodRunner.java:46)
at org.testng.internal.TestInvoker$MethodInvocationAgent.invoke(TestInvoker.java:824)
at org.testng.internal.TestInvoker.invokeTestMethods(TestInvoker.java:146)
at org.testng.internal.TestMethodWorker.invokeTestMethods(TestMethodWorker.java:146)
at org.testng.internal.TestMethodWorker.run(TestMethodWorker.java:128)
at java.base/java.util.ArrayList.forEach(ArrayList.java:1511)
at org.testng.TestRunner.privateRun(TestRunner.java:794)
at org.testng.TestRunner.run(TestRunner.java:596)
at org.testng.SuiteRunner.runTest(SuiteRunner.java:377)
at org.testng.SuiteRunner.runSequentially(SuiteRunner.java:371)
at org.testng.SuiteRunner.privateRun(SuiteRunner.java:332)
at org.testng.SuiteRunner.run(SuiteRunner.java:276)
at org.testng.SuiteRunnerWorker.runSuite(SuiteRunnerWorker.java:53)
at org.testng.SuiteRunnerWorker.run(SuiteRunnerWorker.java:96)
at org.testng.TestNG.runSuitesSequentially(TestNG.java:1212)
at org.testng.TestNG.runSuitesLocally(TestNG.java:1134)
at org.testng.TestNG.runSuites(TestNG.java:1063)
at org.testng.TestNG.run(TestNG.java:1031)
at org.testng.remote.AbstractRemoteTestNG.run(AbstractRemoteTestNG.java:115)
at org.testng.remote.RemoteTestNG.initAndRun(RemoteTestNG.java:251)
at org.testng.remote.RemoteTestNG.main(RemoteTestNG.java:77)
]]>
    </failure>
  </testcase> <!-- boat_Gifting -->
  <testcase classname="boatLifeStyle.Boat_Shop" name="boat_OfferZone" time="1.133">
    <failure type="org.openqa.selenium.ElementClickInterceptedException" message="element click intercepted: Element &amp;lt;a href=&amp;quot;javascript:void(0)&amp;quot; class=&amp;quot;has-children&amp;quot; aria-haspopup=&amp;quot;true&amp;quot;&amp;gt;...&amp;lt;/a&amp;gt; is not clickable at point (711, 10). Other element would receive the click: &amp;lt;nmg-templates template=&amp;quot;fun-4-template&amp;quot; props-as-string=&amp;quot;{&amp;amp;quot;logoImage&amp;amp;quot;:{&amp;amp;quot;src&amp;amp;quot;:&amp;amp;quot;https://templates.nmgplatform.com/ibpuserimages/BOGWEO780/boat-lifestyle.com/109380d2-0fb6-4ec4-a129-ba75e2e14fda_mobile.jpeg&amp;amp;quot;,&amp;amp;quot;width&amp;amp;quot;:100,&amp;amp;quot;height&amp;amp;quot;:75},&amp;amp;quot;couponCodeLabel&amp;amp;quot;:{&amp;amp;quot;color&amp;amp;quot;:&amp;amp;quot;#000000&amp;amp;quot;,&amp;amp;quot;value&amp;amp;quot;:&amp;amp;quot;NMG-U8N6-GVHD-58GY&amp;amp;quot;},&amp;amp;quot;couponCodeLabelSizing&amp;amp;quot;:{&amp;amp;quot;size&amp;amp;quot;:[8,12],&amp;amp;quot;sizeMobile&amp;amp;quot;:[6,8]},&amp;amp;quot;position&amp;amp;quot;:&amp;amp;quot;center_center&amp;amp;quot;,&amp;amp;quot;headingALabel&amp;amp;quot;:{&amp;amp;quot;value&amp;amp;quot;:[&amp;amp;quot;&amp;lt;span style=\&amp;amp;quot;font-weight: bold; color: rgb(223, 15, 15);\&amp;amp;quot;&amp;gt;SPECIAL&amp;lt;/span&amp;gt;&amp;amp;quot;,&amp;amp;quot;&amp;lt;span style=\&amp;amp;quot;font-weight: bold; color: rgb(224, 13, 13);\&amp;amp;quot;&amp;gt;OFF&amp;lt;/span&amp;gt;&amp;amp;quot;],&amp;amp;quot;color&amp;amp;quot;:&amp;amp;quot;rgb(223, 15, 15)&amp;amp;quot;},&amp;amp;quot;headingALabelSizing&amp;amp;quot;:{&amp;amp;quot;size&amp;amp;quot;:[16,42],&amp;amp;quot;sizeMobile&amp;amp;quot;:[12,32]},&amp;amp;quot;headingBLabel&amp;amp;quot;:{&amp;amp;quot;value&amp;amp;quot;:&amp;amp;quot;&amp;lt;span style=\&amp;amp;quot;color: rgb(255, 255, 255); font-weight: bold;\&amp;amp;quot;&amp;gt;ONLY FOR YOU!&amp;lt;/span&amp;gt;&amp;amp;quot;,&amp;amp;quot;color&amp;amp;quot;:&amp;amp;quot;#FFFFFF&amp;amp;quot;},&amp;amp;quot;headingBLabelSizing&amp;amp;quot;:{&amp;amp;quot;size&amp;amp;quot;:[12,16],&amp;amp;quot;sizeMobile&amp;amp;quot;:[8,16]},&amp;amp;quot;timeHeadlineLabel&amp;amp;quot;:{&amp;amp;quot;value&amp;amp;quot;:&amp;amp;quot;&amp;lt;span style=\&amp;amp;quot;color: rgb(254, 251, 251); font-weight: bold;\&amp;amp;quot;&amp;gt;Offer expires:&amp;lt;/span&amp;gt;&amp;amp;quot;,&amp;amp;quot;color&amp;amp;quot;:&amp;amp;quot;#FEFBFB&amp;amp;quot;},&amp;amp;quot;timeHeadlineLabelSizing&amp;amp;quot;:{&amp;amp;quot;size&amp;amp;quot;:[10,14],&amp;amp;quot;sizeMobile&amp;amp;quot;:[8,10]},&amp;amp;quot;timePhraseLabel&amp;amp;quot;:{&amp;amp;quot;value&amp;amp;quot;:&amp;amp;quot;By the end of the day&amp;amp;quot;,&amp;amp;quot;color&amp;amp;quot;:&amp;amp;quot;#FFFFFF&amp;amp;quot;},&amp;amp;quot;timePhraseLabelSizing&amp;amp;quot;:{&amp;amp;quot;size&amp;amp;quot;:[10,14],&amp;amp;quot;sizeMobile&amp;amp;quot;:[8,10]},&amp;amp;quot;ctaLabel&amp;amp;quot;:{&amp;amp;quot;value&amp;amp;quot;:&amp;amp;quot;&amp;lt;span style=\&amp;amp;quot;font-weight: bold; color: rgb(0, 0, 0);\&amp;amp;quot;&amp;gt;Copy Coupon Code&amp;lt;/span&amp;gt;&amp;amp;quot;,&amp;amp;quot;color&amp;amp;quot;:&amp;amp;quot;#000000&amp;amp;quot;},&amp;amp;quot;ctaConfirmationLabel&amp;amp;quot;:{&amp;amp;quot;value&amp;amp;quot;:&amp;amp;quot;Copied!&amp;amp;quot;,&amp;amp;quot;color&amp;amp;quot;:&amp;amp;quot;#000000&amp;amp;quot;},&amp;amp;quot;ctaLabelSizing&amp;amp;quot;:{&amp;amp;quot;size&amp;amp;quot;:[10,14],&amp;amp;quot;sizeMobile&amp;amp;quot;:[8,16]},&amp;amp;quot;noteLabel&amp;amp;quot;:{&amp;amp;quot;value&amp;amp;quot;:&amp;amp;quot;&amp;lt;span style=\&amp;amp;quot;color: rgb(255, 255, 255);\&amp;amp;quot;&amp;gt;*SOME ITEMS MAY BE EXCLUDED&amp;lt;/span&amp;gt;&amp;amp;quot;,&amp;amp;quot;color&amp;amp;quot;:&amp;amp;quot;#FFFFFF&amp;amp;quot;},&amp;amp;quot;noteLabelSizing&amp;amp;quot;:{&amp;amp;quot;size&amp;amp;quot;:[10,12],&amp;amp;quot;sizeMobile&amp;amp;quot;:[6,8]},&amp;amp;quot;poweredByLabel&amp;amp;quot;:null,&amp;amp;quot;overlay&amp;amp;quot;:false,&amp;amp;quot;mainColor&amp;amp;quot;:&amp;amp;quot;#000000&amp;amp;quot;,&amp;amp;quot;isTimer&amp;amp;quot;:true,&amp;amp;quot;complementaryColors&amp;amp;quot;:[&amp;amp;quot;#FFFAFA&amp;amp;quot;,&amp;amp;quot;#B71616&amp;amp;quot;,&amp;amp;quot;#000000&amp;amp;quot;],&amp;amp;quot;couponCodeVisible&amp;amp;quot;:false,&amp;amp;quot;withXButton&amp;amp;quot;:true,&amp;amp;quot;positionType&amp;amp;quot;:&amp;amp;quot;absolute&amp;amp;quot;,&amp;amp;quot;timeBackgroundColor&amp;amp;quot;:&amp;amp;quot;unset&amp;amp;quot;,&amp;amp;quot;endTime&amp;amp;quot;:&amp;amp;quot;2022-04-22T17:59:59.000Z&amp;amp;quot;,&amp;amp;quot;scale&amp;amp;quot;:&amp;amp;quot;1&amp;amp;quot;,&amp;amp;quot;showBlackBG&amp;amp;quot;:true,&amp;amp;quot;isClient&amp;amp;quot;:true,&amp;amp;quot;discountValue&amp;amp;quot;:10,&amp;amp;quot;currency&amp;amp;quot;:&amp;amp;quot;%&amp;amp;quot;,&amp;amp;quot;couponCode&amp;amp;quot;:&amp;amp;quot;NMG-U8N6-GVHD-58GY&amp;amp;quot;}&amp;quot; id=&amp;quot;nmg-templates&amp;quot; class=&amp;quot;needsclick&amp;quot; dates-as-string=&amp;quot;[&amp;amp;quot;endTime&amp;amp;quot;]&amp;quot; style=&amp;quot;pointer-events: auto;&amp;quot;&amp;gt;&amp;lt;/nmg-templates&amp;gt;
  (Session info: chrome=100.0.4896.127)
Build info: version: &amp;apos;4.1.2&amp;apos;, revision: &amp;apos;9a5a329c5a&amp;apos;
System info: host: &amp;apos;DESKTOP-M3CURGL&amp;apos;, ip: &amp;apos;192.168.0.11&amp;apos;, os.name: &amp;apos;Windows 10&amp;apos;, os.arch: &amp;apos;amd64&amp;apos;, os.version: &amp;apos;10.0&amp;apos;, java.version: &amp;apos;17.0.1&amp;apos;
Driver info: org.openqa.selenium.chrome.ChromeDriver
Command: [074477ceb418cec6329dc2476cf329f3, clickElement {id=86c6ba76-7e05-4b82-a218-9bbf6adff069}]
Capabilities {acceptInsecureCerts: false, browserName: chrome, browserVersion: 100.0.4896.127, chrome: {chromedriverVersion: 99.0.4844.51 (d537ec02474b5..., userDataDir: C:\Users\samee\AppData\Loca...}, goog:chromeOptions: {debuggerAddress: localhost:50756}, javascriptEnabled: true, networkConnectionEnabled: false, pageLoadStrategy: normal, platform: WINDOWS, platformName: WINDOWS, proxy: Proxy(), se:cdp: ws://localhost:50756/devtoo..., se:cdpVersion: 100.0.4896.127, setWindowRect: true, strictFileInteractability: false, timeouts: {implicit: 0, pageLoad: 300000, script: 30000}, unhandledPromptBehavior: dismiss and notify, webauthn:extension:credBlob: true, webauthn:extension:largeBlob: true, webauthn:virtualAuthenticators: true}
Element: [[ChromeDriver: chrome on WINDOWS (074477ceb418cec6329dc2476cf329f3)] -&amp;gt; xpath: //*[@id=&amp;quot;pageheader&amp;quot;]/div[2]/div[2]/ul/li[3]/a]
Session ID: 074477ceb418cec6329dc2476cf329f3">
      <![CDATA[org.openqa.selenium.ElementClickInterceptedException: element click intercepted: Element <a href="javascript:void(0)" class="has-children" aria-haspopup="true">...</a> is not clickable at point (711, 10). Other element would receive the click: <nmg-templates template="fun-4-template" props-as-string="{&quot;logoImage&quot;:{&quot;src&quot;:&quot;https://templates.nmgplatform.com/ibpuserimages/BOGWEO780/boat-lifestyle.com/109380d2-0fb6-4ec4-a129-ba75e2e14fda_mobile.jpeg&quot;,&quot;width&quot;:100,&quot;height&quot;:75},&quot;couponCodeLabel&quot;:{&quot;color&quot;:&quot;#000000&quot;,&quot;value&quot;:&quot;NMG-U8N6-GVHD-58GY&quot;},&quot;couponCodeLabelSizing&quot;:{&quot;size&quot;:[8,12],&quot;sizeMobile&quot;:[6,8]},&quot;position&quot;:&quot;center_center&quot;,&quot;headingALabel&quot;:{&quot;value&quot;:[&quot;<span style=\&quot;font-weight: bold; color: rgb(223, 15, 15);\&quot;>SPECIAL</span>&quot;,&quot;<span style=\&quot;font-weight: bold; color: rgb(224, 13, 13);\&quot;>OFF</span>&quot;],&quot;color&quot;:&quot;rgb(223, 15, 15)&quot;},&quot;headingALabelSizing&quot;:{&quot;size&quot;:[16,42],&quot;sizeMobile&quot;:[12,32]},&quot;headingBLabel&quot;:{&quot;value&quot;:&quot;<span style=\&quot;color: rgb(255, 255, 255); font-weight: bold;\&quot;>ONLY FOR YOU!</span>&quot;,&quot;color&quot;:&quot;#FFFFFF&quot;},&quot;headingBLabelSizing&quot;:{&quot;size&quot;:[12,16],&quot;sizeMobile&quot;:[8,16]},&quot;timeHeadlineLabel&quot;:{&quot;value&quot;:&quot;<span style=\&quot;color: rgb(254, 251, 251); font-weight: bold;\&quot;>Offer expires:</span>&quot;,&quot;color&quot;:&quot;#FEFBFB&quot;},&quot;timeHeadlineLabelSizing&quot;:{&quot;size&quot;:[10,14],&quot;sizeMobile&quot;:[8,10]},&quot;timePhraseLabel&quot;:{&quot;value&quot;:&quot;By the end of the day&quot;,&quot;color&quot;:&quot;#FFFFFF&quot;},&quot;timePhraseLabelSizing&quot;:{&quot;size&quot;:[10,14],&quot;sizeMobile&quot;:[8,10]},&quot;ctaLabel&quot;:{&quot;value&quot;:&quot;<span style=\&quot;font-weight: bold; color: rgb(0, 0, 0);\&quot;>Copy Coupon Code</span>&quot;,&quot;color&quot;:&quot;#000000&quot;},&quot;ctaConfirmationLabel&quot;:{&quot;value&quot;:&quot;Copied!&quot;,&quot;color&quot;:&quot;#000000&quot;},&quot;ctaLabelSizing&quot;:{&quot;size&quot;:[10,14],&quot;sizeMobile&quot;:[8,16]},&quot;noteLabel&quot;:{&quot;value&quot;:&quot;<span style=\&quot;color: rgb(255, 255, 255);\&quot;>*SOME ITEMS MAY BE EXCLUDED</span>&quot;,&quot;color&quot;:&quot;#FFFFFF&quot;},&quot;noteLabelSizing&quot;:{&quot;size&quot;:[10,12],&quot;sizeMobile&quot;:[6,8]},&quot;poweredByLabel&quot;:null,&quot;overlay&quot;:false,&quot;mainColor&quot;:&quot;#000000&quot;,&quot;isTimer&quot;:true,&quot;complementaryColors&quot;:[&quot;#FFFAFA&quot;,&quot;#B71616&quot;,&quot;#000000&quot;],&quot;couponCodeVisible&quot;:false,&quot;withXButton&quot;:true,&quot;positionType&quot;:&quot;absolute&quot;,&quot;timeBackgroundColor&quot;:&quot;unset&quot;,&quot;endTime&quot;:&quot;2022-04-22T17:59:59.000Z&quot;,&quot;scale&quot;:&quot;1&quot;,&quot;showBlackBG&quot;:true,&quot;isClient&quot;:true,&quot;discountValue&quot;:10,&quot;currency&quot;:&quot;%&quot;,&quot;couponCode&quot;:&quot;NMG-U8N6-GVHD-58GY&quot;}" id="nmg-templates" class="needsclick" dates-as-string="[&quot;endTime&quot;]" style="pointer-events: auto;"></nmg-templates>
  (Session info: chrome=100.0.4896.127)
Build info: version: '4.1.2', revision: '9a5a329c5a'
System info: host: 'DESKTOP-M3CURGL', ip: '192.168.0.11', os.name: 'Windows 10', os.arch: 'amd64', os.version: '10.0', java.version: '17.0.1'
Driver info: org.openqa.selenium.chrome.ChromeDriver
Command: [074477ceb418cec6329dc2476cf329f3, clickElement {id=86c6ba76-7e05-4b82-a218-9bbf6adff069}]
Capabilities {acceptInsecureCerts: false, browserName: chrome, browserVersion: 100.0.4896.127, chrome: {chromedriverVersion: 99.0.4844.51 (d537ec02474b5..., userDataDir: C:\Users\samee\AppData\Loca...}, goog:chromeOptions: {debuggerAddress: localhost:50756}, javascriptEnabled: true, networkConnectionEnabled: false, pageLoadStrategy: normal, platform: WINDOWS, platformName: WINDOWS, proxy: Proxy(), se:cdp: ws://localhost:50756/devtoo..., se:cdpVersion: 100.0.4896.127, setWindowRect: true, strictFileInteractability: false, timeouts: {implicit: 0, pageLoad: 300000, script: 30000}, unhandledPromptBehavior: dismiss and notify, webauthn:extension:credBlob: true, webauthn:extension:largeBlob: true, webauthn:virtualAuthenticators: true}
Element: [[ChromeDriver: chrome on WINDOWS (074477ceb418cec6329dc2476cf329f3)] -> xpath: //*[@id="pageheader"]/div[2]/div[2]/ul/li[3]/a]
Session ID: 074477ceb418cec6329dc2476cf329f3
at java.base/jdk.internal.reflect.NativeConstructorAccessorImpl.newInstance0(Native Method)
at java.base/jdk.internal.reflect.NativeConstructorAccessorImpl.newInstance(NativeConstructorAccessorImpl.java:77)
at java.base/jdk.internal.reflect.DelegatingConstructorAccessorImpl.newInstance(DelegatingConstructorAccessorImpl.java:45)
at java.base/java.lang.reflect.Constructor.newInstanceWithCaller(Constructor.java:499)
at java.base/java.lang.reflect.Constructor.newInstance(Constructor.java:480)
at org.openqa.selenium.remote.codec.w3c.W3CHttpResponseCodec.createException(W3CHttpResponseCodec.java:200)
at org.openqa.selenium.remote.codec.w3c.W3CHttpResponseCodec.decode(W3CHttpResponseCodec.java:133)
at org.openqa.selenium.remote.codec.w3c.W3CHttpResponseCodec.decode(W3CHttpResponseCodec.java:53)
at org.openqa.selenium.remote.HttpCommandExecutor.execute(HttpCommandExecutor.java:184)
at org.openqa.selenium.remote.service.DriverCommandExecutor.invokeExecute(DriverCommandExecutor.java:167)
at org.openqa.selenium.remote.service.DriverCommandExecutor.execute(DriverCommandExecutor.java:142)
at org.openqa.selenium.remote.RemoteWebDriver.execute(RemoteWebDriver.java:558)
at org.openqa.selenium.remote.RemoteWebElement.execute(RemoteWebElement.java:251)
at org.openqa.selenium.remote.RemoteWebElement.click(RemoteWebElement.java:77)
at boatLifeStyle.Boat_Shop.boat_OfferZone(Boat_Shop.java:154)
at java.base/jdk.internal.reflect.NativeMethodAccessorImpl.invoke0(Native Method)
at java.base/jdk.internal.reflect.NativeMethodAccessorImpl.invoke(NativeMethodAccessorImpl.java:77)
at java.base/jdk.internal.reflect.DelegatingMethodAccessorImpl.invoke(DelegatingMethodAccessorImpl.java:43)
at java.base/java.lang.reflect.Method.invoke(Method.java:568)
at org.testng.internal.MethodInvocationHelper.invokeMethod(MethodInvocationHelper.java:133)
at org.testng.internal.TestInvoker.invokeMethod(TestInvoker.java:598)
at org.testng.internal.TestInvoker.invokeTestMethod(TestInvoker.java:173)
at org.testng.internal.MethodRunner.runInSequence(MethodRunner.java:46)
at org.testng.internal.TestInvoker$MethodInvocationAgent.invoke(TestInvoker.java:824)
at org.testng.internal.TestInvoker.invokeTestMethods(TestInvoker.java:146)
at org.testng.internal.TestMethodWorker.invokeTestMethods(TestMethodWorker.java:146)
at org.testng.internal.TestMethodWorker.run(TestMethodWorker.java:128)
at java.base/java.util.ArrayList.forEach(ArrayList.java:1511)
at org.testng.TestRunner.privateRun(TestRunner.java:794)
at org.testng.TestRunner.run(TestRunner.java:596)
at org.testng.SuiteRunner.runTest(SuiteRunner.java:377)
at org.testng.SuiteRunner.runSequentially(SuiteRunner.java:371)
at org.testng.SuiteRunner.privateRun(SuiteRunner.java:332)
at org.testng.SuiteRunner.run(SuiteRunner.java:276)
at org.testng.SuiteRunnerWorker.runSuite(SuiteRunnerWorker.java:53)
at org.testng.SuiteRunnerWorker.run(SuiteRunnerWorker.java:96)
at org.testng.TestNG.runSuitesSequentially(TestNG.java:1212)
at org.testng.TestNG.runSuitesLocally(TestNG.java:1134)
at org.testng.TestNG.runSuites(TestNG.java:1063)
at org.testng.TestNG.run(TestNG.java:1031)
at org.testng.remote.AbstractRemoteTestNG.run(AbstractRemoteTestNG.java:115)
at org.testng.remote.RemoteTestNG.initAndRun(RemoteTestNG.java:251)
at org.testng.remote.RemoteTestNG.main(RemoteTestNG.java:77)
]]>
    </failure>
  </testcase> <!-- boat_OfferZone -->
  <testcase classname="boatLifeStyle.Boat_Shop" name="boat_WhatfloatsYourBoat" time="1.268">
    <failure type="org.openqa.selenium.ElementClickInterceptedException" message="element click intercepted: Element &amp;lt;a href=&amp;quot;javascript:void(0)&amp;quot; class=&amp;quot;has-children&amp;quot; aria-haspopup=&amp;quot;true&amp;quot;&amp;gt;...&amp;lt;/a&amp;gt; is not clickable at point (711, 10). Other element would receive the click: &amp;lt;nmg-templates template=&amp;quot;fun-4-template&amp;quot; props-as-string=&amp;quot;{&amp;amp;quot;logoImage&amp;amp;quot;:{&amp;amp;quot;src&amp;amp;quot;:&amp;amp;quot;https://templates.nmgplatform.com/ibpuserimages/BOGWEO780/boat-lifestyle.com/109380d2-0fb6-4ec4-a129-ba75e2e14fda_mobile.jpeg&amp;amp;quot;,&amp;amp;quot;width&amp;amp;quot;:100,&amp;amp;quot;height&amp;amp;quot;:75},&amp;amp;quot;couponCodeLabel&amp;amp;quot;:{&amp;amp;quot;color&amp;amp;quot;:&amp;amp;quot;#000000&amp;amp;quot;,&amp;amp;quot;value&amp;amp;quot;:&amp;amp;quot;NMG-U8N6-GVHD-58GY&amp;amp;quot;},&amp;amp;quot;couponCodeLabelSizing&amp;amp;quot;:{&amp;amp;quot;size&amp;amp;quot;:[8,12],&amp;amp;quot;sizeMobile&amp;amp;quot;:[6,8]},&amp;amp;quot;position&amp;amp;quot;:&amp;amp;quot;center_center&amp;amp;quot;,&amp;amp;quot;headingALabel&amp;amp;quot;:{&amp;amp;quot;value&amp;amp;quot;:[&amp;amp;quot;&amp;lt;span style=\&amp;amp;quot;font-weight: bold; color: rgb(223, 15, 15);\&amp;amp;quot;&amp;gt;SPECIAL&amp;lt;/span&amp;gt;&amp;amp;quot;,&amp;amp;quot;&amp;lt;span style=\&amp;amp;quot;font-weight: bold; color: rgb(224, 13, 13);\&amp;amp;quot;&amp;gt;OFF&amp;lt;/span&amp;gt;&amp;amp;quot;],&amp;amp;quot;color&amp;amp;quot;:&amp;amp;quot;rgb(223, 15, 15)&amp;amp;quot;},&amp;amp;quot;headingALabelSizing&amp;amp;quot;:{&amp;amp;quot;size&amp;amp;quot;:[16,42],&amp;amp;quot;sizeMobile&amp;amp;quot;:[12,32]},&amp;amp;quot;headingBLabel&amp;amp;quot;:{&amp;amp;quot;value&amp;amp;quot;:&amp;amp;quot;&amp;lt;span style=\&amp;amp;quot;color: rgb(255, 255, 255); font-weight: bold;\&amp;amp;quot;&amp;gt;ONLY FOR YOU!&amp;lt;/span&amp;gt;&amp;amp;quot;,&amp;amp;quot;color&amp;amp;quot;:&amp;amp;quot;#FFFFFF&amp;amp;quot;},&amp;amp;quot;headingBLabelSizing&amp;amp;quot;:{&amp;amp;quot;size&amp;amp;quot;:[12,16],&amp;amp;quot;sizeMobile&amp;amp;quot;:[8,16]},&amp;amp;quot;timeHeadlineLabel&amp;amp;quot;:{&amp;amp;quot;value&amp;amp;quot;:&amp;amp;quot;&amp;lt;span style=\&amp;amp;quot;color: rgb(254, 251, 251); font-weight: bold;\&amp;amp;quot;&amp;gt;Offer expires:&amp;lt;/span&amp;gt;&amp;amp;quot;,&amp;amp;quot;color&amp;amp;quot;:&amp;amp;quot;#FEFBFB&amp;amp;quot;},&amp;amp;quot;timeHeadlineLabelSizing&amp;amp;quot;:{&amp;amp;quot;size&amp;amp;quot;:[10,14],&amp;amp;quot;sizeMobile&amp;amp;quot;:[8,10]},&amp;amp;quot;timePhraseLabel&amp;amp;quot;:{&amp;amp;quot;value&amp;amp;quot;:&amp;amp;quot;By the end of the day&amp;amp;quot;,&amp;amp;quot;color&amp;amp;quot;:&amp;amp;quot;#FFFFFF&amp;amp;quot;},&amp;amp;quot;timePhraseLabelSizing&amp;amp;quot;:{&amp;amp;quot;size&amp;amp;quot;:[10,14],&amp;amp;quot;sizeMobile&amp;amp;quot;:[8,10]},&amp;amp;quot;ctaLabel&amp;amp;quot;:{&amp;amp;quot;value&amp;amp;quot;:&amp;amp;quot;&amp;lt;span style=\&amp;amp;quot;font-weight: bold; color: rgb(0, 0, 0);\&amp;amp;quot;&amp;gt;Copy Coupon Code&amp;lt;/span&amp;gt;&amp;amp;quot;,&amp;amp;quot;color&amp;amp;quot;:&amp;amp;quot;#000000&amp;amp;quot;},&amp;amp;quot;ctaConfirmationLabel&amp;amp;quot;:{&amp;amp;quot;value&amp;amp;quot;:&amp;amp;quot;Copied!&amp;amp;quot;,&amp;amp;quot;color&amp;amp;quot;:&amp;amp;quot;#000000&amp;amp;quot;},&amp;amp;quot;ctaLabelSizing&amp;amp;quot;:{&amp;amp;quot;size&amp;amp;quot;:[10,14],&amp;amp;quot;sizeMobile&amp;amp;quot;:[8,16]},&amp;amp;quot;noteLabel&amp;amp;quot;:{&amp;amp;quot;value&amp;amp;quot;:&amp;amp;quot;&amp;lt;span style=\&amp;amp;quot;color: rgb(255, 255, 255);\&amp;amp;quot;&amp;gt;*SOME ITEMS MAY BE EXCLUDED&amp;lt;/span&amp;gt;&amp;amp;quot;,&amp;amp;quot;color&amp;amp;quot;:&amp;amp;quot;#FFFFFF&amp;amp;quot;},&amp;amp;quot;noteLabelSizing&amp;amp;quot;:{&amp;amp;quot;size&amp;amp;quot;:[10,12],&amp;amp;quot;sizeMobile&amp;amp;quot;:[6,8]},&amp;amp;quot;poweredByLabel&amp;amp;quot;:null,&amp;amp;quot;overlay&amp;amp;quot;:false,&amp;amp;quot;mainColor&amp;amp;quot;:&amp;amp;quot;#000000&amp;amp;quot;,&amp;amp;quot;isTimer&amp;amp;quot;:true,&amp;amp;quot;complementaryColors&amp;amp;quot;:[&amp;amp;quot;#FFFAFA&amp;amp;quot;,&amp;amp;quot;#B71616&amp;amp;quot;,&amp;amp;quot;#000000&amp;amp;quot;],&amp;amp;quot;couponCodeVisible&amp;amp;quot;:false,&amp;amp;quot;withXButton&amp;amp;quot;:true,&amp;amp;quot;positionType&amp;amp;quot;:&amp;amp;quot;absolute&amp;amp;quot;,&amp;amp;quot;timeBackgroundColor&amp;amp;quot;:&amp;amp;quot;unset&amp;amp;quot;,&amp;amp;quot;endTime&amp;amp;quot;:&amp;amp;quot;2022-04-22T17:59:59.000Z&amp;amp;quot;,&amp;amp;quot;scale&amp;amp;quot;:&amp;amp;quot;1&amp;amp;quot;,&amp;amp;quot;showBlackBG&amp;amp;quot;:true,&amp;amp;quot;isClient&amp;amp;quot;:true,&amp;amp;quot;discountValue&amp;amp;quot;:10,&amp;amp;quot;currency&amp;amp;quot;:&amp;amp;quot;%&amp;amp;quot;,&amp;amp;quot;couponCode&amp;amp;quot;:&amp;amp;quot;NMG-U8N6-GVHD-58GY&amp;amp;quot;}&amp;quot; id=&amp;quot;nmg-templates&amp;quot; class=&amp;quot;needsclick&amp;quot; dates-as-string=&amp;quot;[&amp;amp;quot;endTime&amp;amp;quot;]&amp;quot; style=&amp;quot;pointer-events: auto;&amp;quot;&amp;gt;&amp;lt;/nmg-templates&amp;gt;
  (Session info: chrome=100.0.4896.127)
Build info: version: &amp;apos;4.1.2&amp;apos;, revision: &amp;apos;9a5a329c5a&amp;apos;
System info: host: &amp;apos;DESKTOP-M3CURGL&amp;apos;, ip: &amp;apos;192.168.0.11&amp;apos;, os.name: &amp;apos;Windows 10&amp;apos;, os.arch: &amp;apos;amd64&amp;apos;, os.version: &amp;apos;10.0&amp;apos;, java.version: &amp;apos;17.0.1&amp;apos;
Driver info: org.openqa.selenium.chrome.ChromeDriver
Command: [074477ceb418cec6329dc2476cf329f3, clickElement {id=86c6ba76-7e05-4b82-a218-9bbf6adff069}]
Capabilities {acceptInsecureCerts: false, browserName: chrome, browserVersion: 100.0.4896.127, chrome: {chromedriverVersion: 99.0.4844.51 (d537ec02474b5..., userDataDir: C:\Users\samee\AppData\Loca...}, goog:chromeOptions: {debuggerAddress: localhost:50756}, javascriptEnabled: true, networkConnectionEnabled: false, pageLoadStrategy: normal, platform: WINDOWS, platformName: WINDOWS, proxy: Proxy(), se:cdp: ws://localhost:50756/devtoo..., se:cdpVersion: 100.0.4896.127, setWindowRect: true, strictFileInteractability: false, timeouts: {implicit: 0, pageLoad: 300000, script: 30000}, unhandledPromptBehavior: dismiss and notify, webauthn:extension:credBlob: true, webauthn:extension:largeBlob: true, webauthn:virtualAuthenticators: true}
Element: [[ChromeDriver: chrome on WINDOWS (074477ceb418cec6329dc2476cf329f3)] -&amp;gt; xpath: //*[@id=&amp;quot;pageheader&amp;quot;]/div[2]/div[2]/ul/li[3]/a]
Session ID: 074477ceb418cec6329dc2476cf329f3">
      <![CDATA[org.openqa.selenium.ElementClickInterceptedException: element click intercepted: Element <a href="javascript:void(0)" class="has-children" aria-haspopup="true">...</a> is not clickable at point (711, 10). Other element would receive the click: <nmg-templates template="fun-4-template" props-as-string="{&quot;logoImage&quot;:{&quot;src&quot;:&quot;https://templates.nmgplatform.com/ibpuserimages/BOGWEO780/boat-lifestyle.com/109380d2-0fb6-4ec4-a129-ba75e2e14fda_mobile.jpeg&quot;,&quot;width&quot;:100,&quot;height&quot;:75},&quot;couponCodeLabel&quot;:{&quot;color&quot;:&quot;#000000&quot;,&quot;value&quot;:&quot;NMG-U8N6-GVHD-58GY&quot;},&quot;couponCodeLabelSizing&quot;:{&quot;size&quot;:[8,12],&quot;sizeMobile&quot;:[6,8]},&quot;position&quot;:&quot;center_center&quot;,&quot;headingALabel&quot;:{&quot;value&quot;:[&quot;<span style=\&quot;font-weight: bold; color: rgb(223, 15, 15);\&quot;>SPECIAL</span>&quot;,&quot;<span style=\&quot;font-weight: bold; color: rgb(224, 13, 13);\&quot;>OFF</span>&quot;],&quot;color&quot;:&quot;rgb(223, 15, 15)&quot;},&quot;headingALabelSizing&quot;:{&quot;size&quot;:[16,42],&quot;sizeMobile&quot;:[12,32]},&quot;headingBLabel&quot;:{&quot;value&quot;:&quot;<span style=\&quot;color: rgb(255, 255, 255); font-weight: bold;\&quot;>ONLY FOR YOU!</span>&quot;,&quot;color&quot;:&quot;#FFFFFF&quot;},&quot;headingBLabelSizing&quot;:{&quot;size&quot;:[12,16],&quot;sizeMobile&quot;:[8,16]},&quot;timeHeadlineLabel&quot;:{&quot;value&quot;:&quot;<span style=\&quot;color: rgb(254, 251, 251); font-weight: bold;\&quot;>Offer expires:</span>&quot;,&quot;color&quot;:&quot;#FEFBFB&quot;},&quot;timeHeadlineLabelSizing&quot;:{&quot;size&quot;:[10,14],&quot;sizeMobile&quot;:[8,10]},&quot;timePhraseLabel&quot;:{&quot;value&quot;:&quot;By the end of the day&quot;,&quot;color&quot;:&quot;#FFFFFF&quot;},&quot;timePhraseLabelSizing&quot;:{&quot;size&quot;:[10,14],&quot;sizeMobile&quot;:[8,10]},&quot;ctaLabel&quot;:{&quot;value&quot;:&quot;<span style=\&quot;font-weight: bold; color: rgb(0, 0, 0);\&quot;>Copy Coupon Code</span>&quot;,&quot;color&quot;:&quot;#000000&quot;},&quot;ctaConfirmationLabel&quot;:{&quot;value&quot;:&quot;Copied!&quot;,&quot;color&quot;:&quot;#000000&quot;},&quot;ctaLabelSizing&quot;:{&quot;size&quot;:[10,14],&quot;sizeMobile&quot;:[8,16]},&quot;noteLabel&quot;:{&quot;value&quot;:&quot;<span style=\&quot;color: rgb(255, 255, 255);\&quot;>*SOME ITEMS MAY BE EXCLUDED</span>&quot;,&quot;color&quot;:&quot;#FFFFFF&quot;},&quot;noteLabelSizing&quot;:{&quot;size&quot;:[10,12],&quot;sizeMobile&quot;:[6,8]},&quot;poweredByLabel&quot;:null,&quot;overlay&quot;:false,&quot;mainColor&quot;:&quot;#000000&quot;,&quot;isTimer&quot;:true,&quot;complementaryColors&quot;:[&quot;#FFFAFA&quot;,&quot;#B71616&quot;,&quot;#000000&quot;],&quot;couponCodeVisible&quot;:false,&quot;withXButton&quot;:true,&quot;positionType&quot;:&quot;absolute&quot;,&quot;timeBackgroundColor&quot;:&quot;unset&quot;,&quot;endTime&quot;:&quot;2022-04-22T17:59:59.000Z&quot;,&quot;scale&quot;:&quot;1&quot;,&quot;showBlackBG&quot;:true,&quot;isClient&quot;:true,&quot;discountValue&quot;:10,&quot;currency&quot;:&quot;%&quot;,&quot;couponCode&quot;:&quot;NMG-U8N6-GVHD-58GY&quot;}" id="nmg-templates" class="needsclick" dates-as-string="[&quot;endTime&quot;]" style="pointer-events: auto;"></nmg-templates>
  (Session info: chrome=100.0.4896.127)
Build info: version: '4.1.2', revision: '9a5a329c5a'
System info: host: 'DESKTOP-M3CURGL', ip: '192.168.0.11', os.name: 'Windows 10', os.arch: 'amd64', os.version: '10.0', java.version: '17.0.1'
Driver info: org.openqa.selenium.chrome.ChromeDriver
Command: [074477ceb418cec6329dc2476cf329f3, clickElement {id=86c6ba76-7e05-4b82-a218-9bbf6adff069}]
Capabilities {acceptInsecureCerts: false, browserName: chrome, browserVersion: 100.0.4896.127, chrome: {chromedriverVersion: 99.0.4844.51 (d537ec02474b5..., userDataDir: C:\Users\samee\AppData\Loca...}, goog:chromeOptions: {debuggerAddress: localhost:50756}, javascriptEnabled: true, networkConnectionEnabled: false, pageLoadStrategy: normal, platform: WINDOWS, platformName: WINDOWS, proxy: Proxy(), se:cdp: ws://localhost:50756/devtoo..., se:cdpVersion: 100.0.4896.127, setWindowRect: true, strictFileInteractability: false, timeouts: {implicit: 0, pageLoad: 300000, script: 30000}, unhandledPromptBehavior: dismiss and notify, webauthn:extension:credBlob: true, webauthn:extension:largeBlob: true, webauthn:virtualAuthenticators: true}
Element: [[ChromeDriver: chrome on WINDOWS (074477ceb418cec6329dc2476cf329f3)] -> xpath: //*[@id="pageheader"]/div[2]/div[2]/ul/li[3]/a]
Session ID: 074477ceb418cec6329dc2476cf329f3
at java.base/jdk.internal.reflect.NativeConstructorAccessorImpl.newInstance0(Native Method)
at java.base/jdk.internal.reflect.NativeConstructorAccessorImpl.newInstance(NativeConstructorAccessorImpl.java:77)
at java.base/jdk.internal.reflect.DelegatingConstructorAccessorImpl.newInstance(DelegatingConstructorAccessorImpl.java:45)
at java.base/java.lang.reflect.Constructor.newInstanceWithCaller(Constructor.java:499)
at java.base/java.lang.reflect.Constructor.newInstance(Constructor.java:480)
at org.openqa.selenium.remote.codec.w3c.W3CHttpResponseCodec.createException(W3CHttpResponseCodec.java:200)
at org.openqa.selenium.remote.codec.w3c.W3CHttpResponseCodec.decode(W3CHttpResponseCodec.java:133)
at org.openqa.selenium.remote.codec.w3c.W3CHttpResponseCodec.decode(W3CHttpResponseCodec.java:53)
at org.openqa.selenium.remote.HttpCommandExecutor.execute(HttpCommandExecutor.java:184)
at org.openqa.selenium.remote.service.DriverCommandExecutor.invokeExecute(DriverCommandExecutor.java:167)
at org.openqa.selenium.remote.service.DriverCommandExecutor.execute(DriverCommandExecutor.java:142)
at org.openqa.selenium.remote.RemoteWebDriver.execute(RemoteWebDriver.java:558)
at org.openqa.selenium.remote.RemoteWebElement.execute(RemoteWebElement.java:251)
at org.openqa.selenium.remote.RemoteWebElement.click(RemoteWebElement.java:77)
at boatLifeStyle.Boat_Shop.boat_WhatfloatsYourBoat(Boat_Shop.java:175)
at java.base/jdk.internal.reflect.NativeMethodAccessorImpl.invoke0(Native Method)
at java.base/jdk.internal.reflect.NativeMethodAccessorImpl.invoke(NativeMethodAccessorImpl.java:77)
at java.base/jdk.internal.reflect.DelegatingMethodAccessorImpl.invoke(DelegatingMethodAccessorImpl.java:43)
at java.base/java.lang.reflect.Method.invoke(Method.java:568)
at org.testng.internal.MethodInvocationHelper.invokeMethod(MethodInvocationHelper.java:133)
at org.testng.internal.TestInvoker.invokeMethod(TestInvoker.java:598)
at org.testng.internal.TestInvoker.invokeTestMethod(TestInvoker.java:173)
at org.testng.internal.MethodRunner.runInSequence(MethodRunner.java:46)
at org.testng.internal.TestInvoker$MethodInvocationAgent.invoke(TestInvoker.java:824)
at org.testng.internal.TestInvoker.invokeTestMethods(TestInvoker.java:146)
at org.testng.internal.TestMethodWorker.invokeTestMethods(TestMethodWorker.java:146)
at org.testng.internal.TestMethodWorker.run(TestMethodWorker.java:128)
at java.base/java.util.ArrayList.forEach(ArrayList.java:1511)
at org.testng.TestRunner.privateRun(TestRunner.java:794)
at org.testng.TestRunner.run(TestRunner.java:596)
at org.testng.SuiteRunner.runTest(SuiteRunner.java:377)
at org.testng.SuiteRunner.runSequentially(SuiteRunner.java:371)
at org.testng.SuiteRunner.privateRun(SuiteRunner.java:332)
at org.testng.SuiteRunner.run(SuiteRunner.java:276)
at org.testng.SuiteRunnerWorker.runSuite(SuiteRunnerWorker.java:53)
at org.testng.SuiteRunnerWorker.run(SuiteRunnerWorker.java:96)
at org.testng.TestNG.runSuitesSequentially(TestNG.java:1212)
at org.testng.TestNG.runSuitesLocally(TestNG.java:1134)
at org.testng.TestNG.runSuites(TestNG.java:1063)
at org.testng.TestNG.run(TestNG.java:1031)
at org.testng.remote.AbstractRemoteTestNG.run(AbstractRemoteTestNG.java:115)
at org.testng.remote.RemoteTestNG.initAndRun(RemoteTestNG.java:251)
at org.testng.remote.RemoteTestNG.main(RemoteTestNG.java:77)
]]>
    </failure>
  </testcase> <!-- boat_WhatfloatsYourBoat -->
  <testcase classname="boatLifeStyle.Boat_Shop" name="boat_MeettheBoatHeads" time="1.1">
    <failure type="org.openqa.selenium.ElementClickInterceptedException" message="element click intercepted: Element &amp;lt;a href=&amp;quot;javascript:void(0)&amp;quot; class=&amp;quot;has-children&amp;quot; aria-haspopup=&amp;quot;true&amp;quot;&amp;gt;...&amp;lt;/a&amp;gt; is not clickable at point (711, 10). Other element would receive the click: &amp;lt;nmg-templates template=&amp;quot;fun-4-template&amp;quot; props-as-string=&amp;quot;{&amp;amp;quot;logoImage&amp;amp;quot;:{&amp;amp;quot;src&amp;amp;quot;:&amp;amp;quot;https://templates.nmgplatform.com/ibpuserimages/BOGWEO780/boat-lifestyle.com/109380d2-0fb6-4ec4-a129-ba75e2e14fda_mobile.jpeg&amp;amp;quot;,&amp;amp;quot;width&amp;amp;quot;:100,&amp;amp;quot;height&amp;amp;quot;:75},&amp;amp;quot;couponCodeLabel&amp;amp;quot;:{&amp;amp;quot;color&amp;amp;quot;:&amp;amp;quot;#000000&amp;amp;quot;,&amp;amp;quot;value&amp;amp;quot;:&amp;amp;quot;NMG-U8N6-GVHD-58GY&amp;amp;quot;},&amp;amp;quot;couponCodeLabelSizing&amp;amp;quot;:{&amp;amp;quot;size&amp;amp;quot;:[8,12],&amp;amp;quot;sizeMobile&amp;amp;quot;:[6,8]},&amp;amp;quot;position&amp;amp;quot;:&amp;amp;quot;center_center&amp;amp;quot;,&amp;amp;quot;headingALabel&amp;amp;quot;:{&amp;amp;quot;value&amp;amp;quot;:[&amp;amp;quot;&amp;lt;span style=\&amp;amp;quot;font-weight: bold; color: rgb(223, 15, 15);\&amp;amp;quot;&amp;gt;SPECIAL&amp;lt;/span&amp;gt;&amp;amp;quot;,&amp;amp;quot;&amp;lt;span style=\&amp;amp;quot;font-weight: bold; color: rgb(224, 13, 13);\&amp;amp;quot;&amp;gt;OFF&amp;lt;/span&amp;gt;&amp;amp;quot;],&amp;amp;quot;color&amp;amp;quot;:&amp;amp;quot;rgb(223, 15, 15)&amp;amp;quot;},&amp;amp;quot;headingALabelSizing&amp;amp;quot;:{&amp;amp;quot;size&amp;amp;quot;:[16,42],&amp;amp;quot;sizeMobile&amp;amp;quot;:[12,32]},&amp;amp;quot;headingBLabel&amp;amp;quot;:{&amp;amp;quot;value&amp;amp;quot;:&amp;amp;quot;&amp;lt;span style=\&amp;amp;quot;color: rgb(255, 255, 255); font-weight: bold;\&amp;amp;quot;&amp;gt;ONLY FOR YOU!&amp;lt;/span&amp;gt;&amp;amp;quot;,&amp;amp;quot;color&amp;amp;quot;:&amp;amp;quot;#FFFFFF&amp;amp;quot;},&amp;amp;quot;headingBLabelSizing&amp;amp;quot;:{&amp;amp;quot;size&amp;amp;quot;:[12,16],&amp;amp;quot;sizeMobile&amp;amp;quot;:[8,16]},&amp;amp;quot;timeHeadlineLabel&amp;amp;quot;:{&amp;amp;quot;value&amp;amp;quot;:&amp;amp;quot;&amp;lt;span style=\&amp;amp;quot;color: rgb(254, 251, 251); font-weight: bold;\&amp;amp;quot;&amp;gt;Offer expires:&amp;lt;/span&amp;gt;&amp;amp;quot;,&amp;amp;quot;color&amp;amp;quot;:&amp;amp;quot;#FEFBFB&amp;amp;quot;},&amp;amp;quot;timeHeadlineLabelSizing&amp;amp;quot;:{&amp;amp;quot;size&amp;amp;quot;:[10,14],&amp;amp;quot;sizeMobile&amp;amp;quot;:[8,10]},&amp;amp;quot;timePhraseLabel&amp;amp;quot;:{&amp;amp;quot;value&amp;amp;quot;:&amp;amp;quot;By the end of the day&amp;amp;quot;,&amp;amp;quot;color&amp;amp;quot;:&amp;amp;quot;#FFFFFF&amp;amp;quot;},&amp;amp;quot;timePhraseLabelSizing&amp;amp;quot;:{&amp;amp;quot;size&amp;amp;quot;:[10,14],&amp;amp;quot;sizeMobile&amp;amp;quot;:[8,10]},&amp;amp;quot;ctaLabel&amp;amp;quot;:{&amp;amp;quot;value&amp;amp;quot;:&amp;amp;quot;&amp;lt;span style=\&amp;amp;quot;font-weight: bold; color: rgb(0, 0, 0);\&amp;amp;quot;&amp;gt;Copy Coupon Code&amp;lt;/span&amp;gt;&amp;amp;quot;,&amp;amp;quot;color&amp;amp;quot;:&amp;amp;quot;#000000&amp;amp;quot;},&amp;amp;quot;ctaConfirmationLabel&amp;amp;quot;:{&amp;amp;quot;value&amp;amp;quot;:&amp;amp;quot;Copied!&amp;amp;quot;,&amp;amp;quot;color&amp;amp;quot;:&amp;amp;quot;#000000&amp;amp;quot;},&amp;amp;quot;ctaLabelSizing&amp;amp;quot;:{&amp;amp;quot;size&amp;amp;quot;:[10,14],&amp;amp;quot;sizeMobile&amp;amp;quot;:[8,16]},&amp;amp;quot;noteLabel&amp;amp;quot;:{&amp;amp;quot;value&amp;amp;quot;:&amp;amp;quot;&amp;lt;span style=\&amp;amp;quot;color: rgb(255, 255, 255);\&amp;amp;quot;&amp;gt;*SOME ITEMS MAY BE EXCLUDED&amp;lt;/span&amp;gt;&amp;amp;quot;,&amp;amp;quot;color&amp;amp;quot;:&amp;amp;quot;#FFFFFF&amp;amp;quot;},&amp;amp;quot;noteLabelSizing&amp;amp;quot;:{&amp;amp;quot;size&amp;amp;quot;:[10,12],&amp;amp;quot;sizeMobile&amp;amp;quot;:[6,8]},&amp;amp;quot;poweredByLabel&amp;amp;quot;:null,&amp;amp;quot;overlay&amp;amp;quot;:false,&amp;amp;quot;mainColor&amp;amp;quot;:&amp;amp;quot;#000000&amp;amp;quot;,&amp;amp;quot;isTimer&amp;amp;quot;:true,&amp;amp;quot;complementaryColors&amp;amp;quot;:[&amp;amp;quot;#FFFAFA&amp;amp;quot;,&amp;amp;quot;#B71616&amp;amp;quot;,&amp;amp;quot;#000000&amp;amp;quot;],&amp;amp;quot;couponCodeVisible&amp;amp;quot;:false,&amp;amp;quot;withXButton&amp;amp;quot;:true,&amp;amp;quot;positionType&amp;amp;quot;:&amp;amp;quot;absolute&amp;amp;quot;,&amp;amp;quot;timeBackgroundColor&amp;amp;quot;:&amp;amp;quot;unset&amp;amp;quot;,&amp;amp;quot;endTime&amp;amp;quot;:&amp;amp;quot;2022-04-22T17:59:59.000Z&amp;amp;quot;,&amp;amp;quot;scale&amp;amp;quot;:&amp;amp;quot;1&amp;amp;quot;,&amp;amp;quot;showBlackBG&amp;amp;quot;:true,&amp;amp;quot;isClient&amp;amp;quot;:true,&amp;amp;quot;discountValue&amp;amp;quot;:10,&amp;amp;quot;currency&amp;amp;quot;:&amp;amp;quot;%&amp;amp;quot;,&amp;amp;quot;couponCode&amp;amp;quot;:&amp;amp;quot;NMG-U8N6-GVHD-58GY&amp;amp;quot;}&amp;quot; id=&amp;quot;nmg-templates&amp;quot; class=&amp;quot;needsclick&amp;quot; dates-as-string=&amp;quot;[&amp;amp;quot;endTime&amp;amp;quot;]&amp;quot; style=&amp;quot;pointer-events: auto;&amp;quot;&amp;gt;&amp;lt;/nmg-templates&amp;gt;
  (Session info: chrome=100.0.4896.127)
Build info: version: &amp;apos;4.1.2&amp;apos;, revision: &amp;apos;9a5a329c5a&amp;apos;
System info: host: &amp;apos;DESKTOP-M3CURGL&amp;apos;, ip: &amp;apos;192.168.0.11&amp;apos;, os.name: &amp;apos;Windows 10&amp;apos;, os.arch: &amp;apos;amd64&amp;apos;, os.version: &amp;apos;10.0&amp;apos;, java.version: &amp;apos;17.0.1&amp;apos;
Driver info: org.openqa.selenium.chrome.ChromeDriver
Command: [074477ceb418cec6329dc2476cf329f3, clickElement {id=86c6ba76-7e05-4b82-a218-9bbf6adff069}]
Capabilities {acceptInsecureCerts: false, browserName: chrome, browserVersion: 100.0.4896.127, chrome: {chromedriverVersion: 99.0.4844.51 (d537ec02474b5..., userDataDir: C:\Users\samee\AppData\Loca...}, goog:chromeOptions: {debuggerAddress: localhost:50756}, javascriptEnabled: true, networkConnectionEnabled: false, pageLoadStrategy: normal, platform: WINDOWS, platformName: WINDOWS, proxy: Proxy(), se:cdp: ws://localhost:50756/devtoo..., se:cdpVersion: 100.0.4896.127, setWindowRect: true, strictFileInteractability: false, timeouts: {implicit: 0, pageLoad: 300000, script: 30000}, unhandledPromptBehavior: dismiss and notify, webauthn:extension:credBlob: true, webauthn:extension:largeBlob: true, webauthn:virtualAuthenticators: true}
Element: [[ChromeDriver: chrome on WINDOWS (074477ceb418cec6329dc2476cf329f3)] -&amp;gt; xpath: //*[@id=&amp;quot;pageheader&amp;quot;]/div[2]/div[2]/ul/li[3]/a]
Session ID: 074477ceb418cec6329dc2476cf329f3">
      <![CDATA[org.openqa.selenium.ElementClickInterceptedException: element click intercepted: Element <a href="javascript:void(0)" class="has-children" aria-haspopup="true">...</a> is not clickable at point (711, 10). Other element would receive the click: <nmg-templates template="fun-4-template" props-as-string="{&quot;logoImage&quot;:{&quot;src&quot;:&quot;https://templates.nmgplatform.com/ibpuserimages/BOGWEO780/boat-lifestyle.com/109380d2-0fb6-4ec4-a129-ba75e2e14fda_mobile.jpeg&quot;,&quot;width&quot;:100,&quot;height&quot;:75},&quot;couponCodeLabel&quot;:{&quot;color&quot;:&quot;#000000&quot;,&quot;value&quot;:&quot;NMG-U8N6-GVHD-58GY&quot;},&quot;couponCodeLabelSizing&quot;:{&quot;size&quot;:[8,12],&quot;sizeMobile&quot;:[6,8]},&quot;position&quot;:&quot;center_center&quot;,&quot;headingALabel&quot;:{&quot;value&quot;:[&quot;<span style=\&quot;font-weight: bold; color: rgb(223, 15, 15);\&quot;>SPECIAL</span>&quot;,&quot;<span style=\&quot;font-weight: bold; color: rgb(224, 13, 13);\&quot;>OFF</span>&quot;],&quot;color&quot;:&quot;rgb(223, 15, 15)&quot;},&quot;headingALabelSizing&quot;:{&quot;size&quot;:[16,42],&quot;sizeMobile&quot;:[12,32]},&quot;headingBLabel&quot;:{&quot;value&quot;:&quot;<span style=\&quot;color: rgb(255, 255, 255); font-weight: bold;\&quot;>ONLY FOR YOU!</span>&quot;,&quot;color&quot;:&quot;#FFFFFF&quot;},&quot;headingBLabelSizing&quot;:{&quot;size&quot;:[12,16],&quot;sizeMobile&quot;:[8,16]},&quot;timeHeadlineLabel&quot;:{&quot;value&quot;:&quot;<span style=\&quot;color: rgb(254, 251, 251); font-weight: bold;\&quot;>Offer expires:</span>&quot;,&quot;color&quot;:&quot;#FEFBFB&quot;},&quot;timeHeadlineLabelSizing&quot;:{&quot;size&quot;:[10,14],&quot;sizeMobile&quot;:[8,10]},&quot;timePhraseLabel&quot;:{&quot;value&quot;:&quot;By the end of the day&quot;,&quot;color&quot;:&quot;#FFFFFF&quot;},&quot;timePhraseLabelSizing&quot;:{&quot;size&quot;:[10,14],&quot;sizeMobile&quot;:[8,10]},&quot;ctaLabel&quot;:{&quot;value&quot;:&quot;<span style=\&quot;font-weight: bold; color: rgb(0, 0, 0);\&quot;>Copy Coupon Code</span>&quot;,&quot;color&quot;:&quot;#000000&quot;},&quot;ctaConfirmationLabel&quot;:{&quot;value&quot;:&quot;Copied!&quot;,&quot;color&quot;:&quot;#000000&quot;},&quot;ctaLabelSizing&quot;:{&quot;size&quot;:[10,14],&quot;sizeMobile&quot;:[8,16]},&quot;noteLabel&quot;:{&quot;value&quot;:&quot;<span style=\&quot;color: rgb(255, 255, 255);\&quot;>*SOME ITEMS MAY BE EXCLUDED</span>&quot;,&quot;color&quot;:&quot;#FFFFFF&quot;},&quot;noteLabelSizing&quot;:{&quot;size&quot;:[10,12],&quot;sizeMobile&quot;:[6,8]},&quot;poweredByLabel&quot;:null,&quot;overlay&quot;:false,&quot;mainColor&quot;:&quot;#000000&quot;,&quot;isTimer&quot;:true,&quot;complementaryColors&quot;:[&quot;#FFFAFA&quot;,&quot;#B71616&quot;,&quot;#000000&quot;],&quot;couponCodeVisible&quot;:false,&quot;withXButton&quot;:true,&quot;positionType&quot;:&quot;absolute&quot;,&quot;timeBackgroundColor&quot;:&quot;unset&quot;,&quot;endTime&quot;:&quot;2022-04-22T17:59:59.000Z&quot;,&quot;scale&quot;:&quot;1&quot;,&quot;showBlackBG&quot;:true,&quot;isClient&quot;:true,&quot;discountValue&quot;:10,&quot;currency&quot;:&quot;%&quot;,&quot;couponCode&quot;:&quot;NMG-U8N6-GVHD-58GY&quot;}" id="nmg-templates" class="needsclick" dates-as-string="[&quot;endTime&quot;]" style="pointer-events: auto;"></nmg-templates>
  (Session info: chrome=100.0.4896.127)
Build info: version: '4.1.2', revision: '9a5a329c5a'
System info: host: 'DESKTOP-M3CURGL', ip: '192.168.0.11', os.name: 'Windows 10', os.arch: 'amd64', os.version: '10.0', java.version: '17.0.1'
Driver info: org.openqa.selenium.chrome.ChromeDriver
Command: [074477ceb418cec6329dc2476cf329f3, clickElement {id=86c6ba76-7e05-4b82-a218-9bbf6adff069}]
Capabilities {acceptInsecureCerts: false, browserName: chrome, browserVersion: 100.0.4896.127, chrome: {chromedriverVersion: 99.0.4844.51 (d537ec02474b5..., userDataDir: C:\Users\samee\AppData\Loca...}, goog:chromeOptions: {debuggerAddress: localhost:50756}, javascriptEnabled: true, networkConnectionEnabled: false, pageLoadStrategy: normal, platform: WINDOWS, platformName: WINDOWS, proxy: Proxy(), se:cdp: ws://localhost:50756/devtoo..., se:cdpVersion: 100.0.4896.127, setWindowRect: true, strictFileInteractability: false, timeouts: {implicit: 0, pageLoad: 300000, script: 30000}, unhandledPromptBehavior: dismiss and notify, webauthn:extension:credBlob: true, webauthn:extension:largeBlob: true, webauthn:virtualAuthenticators: true}
Element: [[ChromeDriver: chrome on WINDOWS (074477ceb418cec6329dc2476cf329f3)] -> xpath: //*[@id="pageheader"]/div[2]/div[2]/ul/li[3]/a]
Session ID: 074477ceb418cec6329dc2476cf329f3
at java.base/jdk.internal.reflect.NativeConstructorAccessorImpl.newInstance0(Native Method)
at java.base/jdk.internal.reflect.NativeConstructorAccessorImpl.newInstance(NativeConstructorAccessorImpl.java:77)
at java.base/jdk.internal.reflect.DelegatingConstructorAccessorImpl.newInstance(DelegatingConstructorAccessorImpl.java:45)
at java.base/java.lang.reflect.Constructor.newInstanceWithCaller(Constructor.java:499)
at java.base/java.lang.reflect.Constructor.newInstance(Constructor.java:480)
at org.openqa.selenium.remote.codec.w3c.W3CHttpResponseCodec.createException(W3CHttpResponseCodec.java:200)
at org.openqa.selenium.remote.codec.w3c.W3CHttpResponseCodec.decode(W3CHttpResponseCodec.java:133)
at org.openqa.selenium.remote.codec.w3c.W3CHttpResponseCodec.decode(W3CHttpResponseCodec.java:53)
at org.openqa.selenium.remote.HttpCommandExecutor.execute(HttpCommandExecutor.java:184)
at org.openqa.selenium.remote.service.DriverCommandExecutor.invokeExecute(DriverCommandExecutor.java:167)
at org.openqa.selenium.remote.service.DriverCommandExecutor.execute(DriverCommandExecutor.java:142)
at org.openqa.selenium.remote.RemoteWebDriver.execute(RemoteWebDriver.java:558)
at org.openqa.selenium.remote.RemoteWebElement.execute(RemoteWebElement.java:251)
at org.openqa.selenium.remote.RemoteWebElement.click(RemoteWebElement.java:77)
at boatLifeStyle.Boat_Shop.boat_MeettheBoatHeads(Boat_Shop.java:194)
at java.base/jdk.internal.reflect.NativeMethodAccessorImpl.invoke0(Native Method)
at java.base/jdk.internal.reflect.NativeMethodAccessorImpl.invoke(NativeMethodAccessorImpl.java:77)
at java.base/jdk.internal.reflect.DelegatingMethodAccessorImpl.invoke(DelegatingMethodAccessorImpl.java:43)
at java.base/java.lang.reflect.Method.invoke(Method.java:568)
at org.testng.internal.MethodInvocationHelper.invokeMethod(MethodInvocationHelper.java:133)
at org.testng.internal.TestInvoker.invokeMethod(TestInvoker.java:598)
at org.testng.internal.TestInvoker.invokeTestMethod(TestInvoker.java:173)
at org.testng.internal.MethodRunner.runInSequence(MethodRunner.java:46)
at org.testng.internal.TestInvoker$MethodInvocationAgent.invoke(TestInvoker.java:824)
at org.testng.internal.TestInvoker.invokeTestMethods(TestInvoker.java:146)
at org.testng.internal.TestMethodWorker.invokeTestMethods(TestMethodWorker.java:146)
at org.testng.internal.TestMethodWorker.run(TestMethodWorker.java:128)
at java.base/java.util.ArrayList.forEach(ArrayList.java:1511)
at org.testng.TestRunner.privateRun(TestRunner.java:794)
at org.testng.TestRunner.run(TestRunner.java:596)
at org.testng.SuiteRunner.runTest(SuiteRunner.java:377)
at org.testng.SuiteRunner.runSequentially(SuiteRunner.java:371)
at org.testng.SuiteRunner.privateRun(SuiteRunner.java:332)
at org.testng.SuiteRunner.run(SuiteRunner.java:276)
at org.testng.SuiteRunnerWorker.runSuite(SuiteRunnerWorker.java:53)
at org.testng.SuiteRunnerWorker.run(SuiteRunnerWorker.java:96)
at org.testng.TestNG.runSuitesSequentially(TestNG.java:1212)
at org.testng.TestNG.runSuitesLocally(TestNG.java:1134)
at org.testng.TestNG.runSuites(TestNG.java:1063)
at org.testng.TestNG.run(TestNG.java:1031)
at org.testng.remote.AbstractRemoteTestNG.run(AbstractRemoteTestNG.java:115)
at org.testng.remote.RemoteTestNG.initAndRun(RemoteTestNG.java:251)
at org.testng.remote.RemoteTestNG.main(RemoteTestNG.java:77)
]]>
    </failure>
  </testcase> <!-- boat_MeettheBoatHeads -->
  <testcase classname="boatLifeStyle.Boat_Shop" name="boat_Earn100" time="1.201">
    <failure type="org.openqa.selenium.ElementClickInterceptedException" message="element click intercepted: Element &amp;lt;a href=&amp;quot;javascript:void(0)&amp;quot; class=&amp;quot;has-children&amp;quot; aria-haspopup=&amp;quot;true&amp;quot;&amp;gt;...&amp;lt;/a&amp;gt; is not clickable at point (711, 10). Other element would receive the click: &amp;lt;nmg-templates template=&amp;quot;fun-4-template&amp;quot; props-as-string=&amp;quot;{&amp;amp;quot;logoImage&amp;amp;quot;:{&amp;amp;quot;src&amp;amp;quot;:&amp;amp;quot;https://templates.nmgplatform.com/ibpuserimages/BOGWEO780/boat-lifestyle.com/109380d2-0fb6-4ec4-a129-ba75e2e14fda_mobile.jpeg&amp;amp;quot;,&amp;amp;quot;width&amp;amp;quot;:100,&amp;amp;quot;height&amp;amp;quot;:75},&amp;amp;quot;couponCodeLabel&amp;amp;quot;:{&amp;amp;quot;color&amp;amp;quot;:&amp;amp;quot;#000000&amp;amp;quot;,&amp;amp;quot;value&amp;amp;quot;:&amp;amp;quot;NMG-U8N6-GVHD-58GY&amp;amp;quot;},&amp;amp;quot;couponCodeLabelSizing&amp;amp;quot;:{&amp;amp;quot;size&amp;amp;quot;:[8,12],&amp;amp;quot;sizeMobile&amp;amp;quot;:[6,8]},&amp;amp;quot;position&amp;amp;quot;:&amp;amp;quot;center_center&amp;amp;quot;,&amp;amp;quot;headingALabel&amp;amp;quot;:{&amp;amp;quot;value&amp;amp;quot;:[&amp;amp;quot;&amp;lt;span style=\&amp;amp;quot;font-weight: bold; color: rgb(223, 15, 15);\&amp;amp;quot;&amp;gt;SPECIAL&amp;lt;/span&amp;gt;&amp;amp;quot;,&amp;amp;quot;&amp;lt;span style=\&amp;amp;quot;font-weight: bold; color: rgb(224, 13, 13);\&amp;amp;quot;&amp;gt;OFF&amp;lt;/span&amp;gt;&amp;amp;quot;],&amp;amp;quot;color&amp;amp;quot;:&amp;amp;quot;rgb(223, 15, 15)&amp;amp;quot;},&amp;amp;quot;headingALabelSizing&amp;amp;quot;:{&amp;amp;quot;size&amp;amp;quot;:[16,42],&amp;amp;quot;sizeMobile&amp;amp;quot;:[12,32]},&amp;amp;quot;headingBLabel&amp;amp;quot;:{&amp;amp;quot;value&amp;amp;quot;:&amp;amp;quot;&amp;lt;span style=\&amp;amp;quot;color: rgb(255, 255, 255); font-weight: bold;\&amp;amp;quot;&amp;gt;ONLY FOR YOU!&amp;lt;/span&amp;gt;&amp;amp;quot;,&amp;amp;quot;color&amp;amp;quot;:&amp;amp;quot;#FFFFFF&amp;amp;quot;},&amp;amp;quot;headingBLabelSizing&amp;amp;quot;:{&amp;amp;quot;size&amp;amp;quot;:[12,16],&amp;amp;quot;sizeMobile&amp;amp;quot;:[8,16]},&amp;amp;quot;timeHeadlineLabel&amp;amp;quot;:{&amp;amp;quot;value&amp;amp;quot;:&amp;amp;quot;&amp;lt;span style=\&amp;amp;quot;color: rgb(254, 251, 251); font-weight: bold;\&amp;amp;quot;&amp;gt;Offer expires:&amp;lt;/span&amp;gt;&amp;amp;quot;,&amp;amp;quot;color&amp;amp;quot;:&amp;amp;quot;#FEFBFB&amp;amp;quot;},&amp;amp;quot;timeHeadlineLabelSizing&amp;amp;quot;:{&amp;amp;quot;size&amp;amp;quot;:[10,14],&amp;amp;quot;sizeMobile&amp;amp;quot;:[8,10]},&amp;amp;quot;timePhraseLabel&amp;amp;quot;:{&amp;amp;quot;value&amp;amp;quot;:&amp;amp;quot;By the end of the day&amp;amp;quot;,&amp;amp;quot;color&amp;amp;quot;:&amp;amp;quot;#FFFFFF&amp;amp;quot;},&amp;amp;quot;timePhraseLabelSizing&amp;amp;quot;:{&amp;amp;quot;size&amp;amp;quot;:[10,14],&amp;amp;quot;sizeMobile&amp;amp;quot;:[8,10]},&amp;amp;quot;ctaLabel&amp;amp;quot;:{&amp;amp;quot;value&amp;amp;quot;:&amp;amp;quot;&amp;lt;span style=\&amp;amp;quot;font-weight: bold; color: rgb(0, 0, 0);\&amp;amp;quot;&amp;gt;Copy Coupon Code&amp;lt;/span&amp;gt;&amp;amp;quot;,&amp;amp;quot;color&amp;amp;quot;:&amp;amp;quot;#000000&amp;amp;quot;},&amp;amp;quot;ctaConfirmationLabel&amp;amp;quot;:{&amp;amp;quot;value&amp;amp;quot;:&amp;amp;quot;Copied!&amp;amp;quot;,&amp;amp;quot;color&amp;amp;quot;:&amp;amp;quot;#000000&amp;amp;quot;},&amp;amp;quot;ctaLabelSizing&amp;amp;quot;:{&amp;amp;quot;size&amp;amp;quot;:[10,14],&amp;amp;quot;sizeMobile&amp;amp;quot;:[8,16]},&amp;amp;quot;noteLabel&amp;amp;quot;:{&amp;amp;quot;value&amp;amp;quot;:&amp;amp;quot;&amp;lt;span style=\&amp;amp;quot;color: rgb(255, 255, 255);\&amp;amp;quot;&amp;gt;*SOME ITEMS MAY BE EXCLUDED&amp;lt;/span&amp;gt;&amp;amp;quot;,&amp;amp;quot;color&amp;amp;quot;:&amp;amp;quot;#FFFFFF&amp;amp;quot;},&amp;amp;quot;noteLabelSizing&amp;amp;quot;:{&amp;amp;quot;size&amp;amp;quot;:[10,12],&amp;amp;quot;sizeMobile&amp;amp;quot;:[6,8]},&amp;amp;quot;poweredByLabel&amp;amp;quot;:null,&amp;amp;quot;overlay&amp;amp;quot;:false,&amp;amp;quot;mainColor&amp;amp;quot;:&amp;amp;quot;#000000&amp;amp;quot;,&amp;amp;quot;isTimer&amp;amp;quot;:true,&amp;amp;quot;complementaryColors&amp;amp;quot;:[&amp;amp;quot;#FFFAFA&amp;amp;quot;,&amp;amp;quot;#B71616&amp;amp;quot;,&amp;amp;quot;#000000&amp;amp;quot;],&amp;amp;quot;couponCodeVisible&amp;amp;quot;:false,&amp;amp;quot;withXButton&amp;amp;quot;:true,&am
[...]
Element: [[ChromeDriver: chrome on WINDOWS (074477ceb418cec6329dc2476cf329f3)] -&amp;gt; xpath: //*[@id=&amp;quot;shopify-section-footer&amp;quot;]/div[1]/div[2]/div[1]/div[2]/div[2]/div/div/ul/li/ul/li[2]/a]
Session ID: 074477ceb418cec6329dc2476cf329f3">
      <![CDATA[org.openqa.selenium.ElementClickInterceptedException: element click intercepted: Element <a href="http://support.boat-lifestyle.com/" class="">...</a> is not clickable at point (815, 173). Other element would receive the click: <iframe id="BIS_frame" frameborder="0" src="about:blank" allowtransparency="true" style="display: block;"></iframe>
  (Session info: chrome=100.0.4896.127)
Build info: version: '4.1.2', revision: '9a5a329c5a'
System info: host: 'DESKTOP-M3CURGL', ip: '192.168.0.11', os.name: 'Windows 10', os.arch: 'amd64', os.version: '10.0', java.version: '17.0.1'
Driver info: org.openqa.selenium.chrome.ChromeDriver
Command: [074477ceb418cec6329dc2476cf329f3, clickElement {id=d5691d7a-2da6-43c4-9548-eac3762f23cf}]
Capabilities {acceptInsecureCerts: false, browserName: chrome, browserVersion: 100.0.4896.127, chrome: {chromedriverVersion: 99.0.4844.51 (d537ec02474b5..., userDataDir: C:\Users\samee\AppData\Loca...}, goog:chromeOptions: {debuggerAddress: localhost:50756}, javascriptEnabled: true, networkConnectionEnabled: false, pageLoadStrategy: normal, platform: WINDOWS, platformName: WINDOWS, proxy: Proxy(), se:cdp: ws://localhost:50756/devtoo..., se:cdpVersion: 100.0.4896.127, setWindowRect: true, strictFileInteractability: false, timeouts: {implicit: 0, pageLoad: 300000, script: 30000}, unhandledPromptBehavior: dismiss and notify, webauthn:extension:credBlob: true, webauthn:extension:largeBlob: true, webauthn:virtualAuthenticators: true}
Element: [[ChromeDriver: chrome on WINDOWS (074477ceb418cec6329dc2476cf329f3)] -> xpath: //*[@id="shopify-section-footer"]/div[1]/div[2]/div[1]/div[2]/div[2]/div/div/ul/li/ul/li[2]/a]
Session ID: 074477ceb418cec6329dc2476cf329f3
at java.base/jdk.internal.reflect.NativeConstructorAccessorImpl.newInstance0(Native Method)
at java.base/jdk.internal.reflect.NativeConstructorAccessorImpl.newInstance(NativeConstructorAccessorImpl.java:77)
at java.base/jdk.internal.reflect.DelegatingConstructorAccessorImpl.newInstance(DelegatingConstructorAccessorImpl.java:45)
at java.base/java.lang.reflect.Constructor.newInstanceWithCaller(Constructor.java:499)
at java.base/java.lang.reflect.Constructor.newInstance(Constructor.java:480)
at org.openqa.selenium.remote.codec.w3c.W3CHttpResponseCodec.createException(W3CHttpResponseCodec.java:200)
at org.openqa.selenium.remote.codec.w3c.W3CHttpResponseCodec.decode(W3CHttpResponseCodec.java:133)
at org.openqa.selenium.remote.codec.w3c.W3CHttpResponseCodec.decode(W3CHttpResponseCodec.java:53)
at org.openqa.selenium.remote.HttpCommandExecutor.execute(HttpCommandExecutor.java:184)
at org.openqa.selenium.remote.service.DriverCommandExecutor.invokeExecute(DriverCommandExecutor.java:167)
at org.openqa.selenium.remote.service.DriverCommandExecutor.execute(DriverCommandExecutor.java:142)
at org.openqa.selenium.remote.RemoteWebDriver.execute(RemoteWebDriver.java:558)
at org.openqa.selenium.remote.RemoteWebElement.execute(RemoteWebElement.java:251)
at org.openqa.selenium.remote.RemoteWebElement.click(RemoteWebElement.java:77)
at boatLifeStyle.Boat_Shop.boat_Waranty(Boat_Shop.java:312)
at java.base/jdk.internal.reflect.NativeMethodAccessorImpl.invoke0(Native Method)
at java.base/jdk.internal.reflect.NativeMethodAccessorImpl.invoke(NativeMethodAccessorImpl.java:77)
at java.base/jdk.internal.reflect.DelegatingMethodAccessorImpl.invoke(DelegatingMethodAccessorImpl.java:43)
at java.base/java.lang.reflect.Method.invoke(Method.java:568)
at org.testng.internal.MethodInvocationHelper.invokeMethod(MethodInvocationHelper.java:133)
at org.testng.internal.TestInvoker.invokeMethod(TestInvoker.java:598)
at org.testng.internal.TestInvoker.invokeTestMethod(TestInvoker.java:173)
at org.testng.internal.MethodRunner.runInSequence(MethodRunner.java:46)
at org.testng.internal.TestInvoker$MethodInvocationAgent.invoke(TestInvoker.java:824)
at org.testng.internal.TestInvoker.invokeTestMethods(TestInvoker.java:146)
at org.testng.internal.TestMethodWorker.invokeTestMethods(TestMethodWorker.java:146)
at org.testng.internal.TestMethodWorker.run(TestMethodWorker.java:128)
at java.base/java.util.ArrayList.forEach(ArrayList.java:1511)
at org.testng.TestRunner.privateRun(TestRunner.java:794)
at org.testng.TestRunner.run(TestRunner.java:596)
at org.testng.SuiteRunner.runTest(SuiteRunner.java:377)
at org.testng.SuiteRunner.runSequentially(SuiteRunner.java:371)
at org.testng.SuiteRunner.privateRun(SuiteRunner.java:332)
at org.testng.SuiteRunner.run(SuiteRunner.java:276)
at org.testng.SuiteRunnerWorker.runSuite(SuiteRunnerWorker.java:53)
at org.testng.SuiteRunnerWorker.run(SuiteRunnerWorker.java:96)
at org.testng.TestNG.runSuitesSequentially(TestNG.java:1212)
at org.testng.TestNG.runSuitesLocally(TestNG.java:1134)
at org.testng.TestNG.runSuites(TestNG.java:1063)
at org.testng.TestNG.run(TestNG.java:1031)
at org.testng.remote.AbstractRemoteTestNG.run(AbstractRemoteTestNG.java:115)
at org.testng.remote.RemoteTestNG.initAndRun(RemoteTestNG.java:251)
at org.testng.remote.RemoteTestNG.main(RemoteTestNG.java:77)
]]>
    </failure>
  </testcase> <!-- boat_Waranty -->
  <testcase classname="boatLifeStyle.Boat_Shop" name="boat_ReturnPolicy" time="0.047">
    <failure type="org.openqa.selenium.NoSuchElementException" message="no such element: Unable to locate element: {&amp;quot;method&amp;quot;:&amp;quot;xpath&amp;quot;,&amp;quot;selector&amp;quot;:&amp;quot;//*[@id=&amp;quot;menu-tier-2&amp;quot;]/ul/li[3]&amp;quot;}
  (Session info: chrome=100.0.4896.127)
For documentation on this error, please visit: https://selenium.dev/exceptions/#no_such_element
Build info: version: &amp;apos;4.1.2&amp;apos;, revision: &amp;apos;9a5a329c5a&amp;apos;
System info: host: &amp;apos;DESKTOP-M3CURGL&amp;apos;, ip: &amp;apos;192.168.0.11&amp;apos;, os.name: &amp;apos;Windows 10&amp;apos;, os.arch: &amp;apos;amd64&amp;apos;, os.version: &amp;apos;10.0&amp;apos;, java.version: &amp;apos;17.0.1&amp;apos;
Driver info: org.openqa.selenium.chrome.ChromeDriver
Command: [074477ceb418cec6329dc2476cf329f3, findElement {using=xpath, value=//*[@id=&amp;quot;menu-tier-2&amp;quot;]/ul/li[3]}]
Capabilities {acceptInsecureCerts: false, browserName: chrome, browserVersion: 100.0.4896.127, chrome: {chromedriverVersion: 99.0.4844.51 (d537ec02474b5..., userDataDir: C:\Users\samee\AppData\Loca...}, goog:chromeOptions: {debuggerAddress: localhost:50756}, javascriptEnabled: true, networkConnectionEnabled: false, pageLoadStrategy: normal, platform: WINDOWS, platformName: WINDOWS, proxy: Proxy(), se:cdp: ws://localhost:50756/devtoo..., se:cdpVersion: 100.0.4896.127, setWindowRect: true, strictFileInteractability: false, timeouts: {implicit: 0, pageLoad: 300000, script: 30000}, unhandledPromptBehavior: dismiss and notify, webauthn:extension:credBlob: true, webauthn:extension:largeBlob: true, webauthn:virtualAuthenticators: true}
Session ID: 074477ceb418cec6329dc2476cf329f3">
      <![CDATA[org.openqa.selenium.NoSuchElementException: no such element: Unable to locate element: {"method":"xpath","selector":"//*[@id="menu-tier-2"]/ul/li[3]"}
  (Session info: chrome=100.0.4896.127)
For documentation on this error, please visit: https://selenium.dev/exceptions/#no_such_element
Build info: version: '4.1.2', revision: '9a5a329c5a'
System info: host: 'DESKTOP-M3CURGL', ip: '192.168.0.11', os.name: 'Windows 10', os.arch: 'amd64', os.version: '10.0', java.version: '17.0.1'
Driver info: org.openqa.selenium.chrome.ChromeDriver
Command: [074477ceb418cec6329dc2476cf329f3, findElement {using=xpath, value=//*[@id="menu-tier-2"]/ul/li[3]}]
Capabilities {acceptInsecureCerts: false, browserName: chrome, browserVersion: 100.0.4896.127, chrome: {chromedriverVersion: 99.0.4844.51 (d537ec02474b5..., userDataDir: C:\Users\samee\AppData\Loca...}, goog:chromeOptions: {debuggerAddress: localhost:50756}, javascriptEnabled: true, networkConnectionEnabled: false, pageLoadStrategy: normal, platform: WINDOWS, platformName: WINDOWS, proxy: Proxy(), se:cdp: ws://localhost:50756/devtoo..., se:cdpVersion: 100.0.4896.127, setWindowRect: true, strictFileInteractability: false, timeouts: {implicit: 0, pageLoad: 300000, script: 30000}, unhandledPromptBehavior: dismiss and notify, webauthn:extension:credBlob: true, webauthn:extension:largeBlob: true, webauthn:virtualAuthenticators: true}
Session ID: 074477ceb418cec6329dc2476cf329f3
at java.base/jdk.internal.reflect.NativeConstructorAccessorImpl.newInstance0(Native Method)
at java.base/jdk.internal.reflect.NativeConstructorAccessorImpl.newInstance(NativeConstructorAccessorImpl.java:77)
at java.base/jdk.internal.reflect.DelegatingConstructorAccessorImpl.newInstance(DelegatingConstructorAccessorImpl.java:45)
at java.base/java.lang.reflect.Constructor.newInstanceWithCaller(Constructor.java:499)
at java.base/java.lang.reflect.Constructor.newInstance(Constructor.java:480)
at org.openqa.selenium.remote.codec.w3c.W3CHttpResponseCodec.createException(W3CHttpResponseCodec.java:200)
at org.openqa.selenium.remote.codec.w3c.W3CHttpResponseCodec.decode(W3CHttpResponseCodec.java:133)
at org.openqa.selenium.remote.codec.w3c.W3CHttpResponseCodec.decode(W3CHttpResponseCodec.java:53)
at org.openqa.selenium.remote.HttpCommandExecutor.execute(HttpCommandExecutor.java:184)
at org.openqa.selenium.remote.service.DriverCommandExecutor.invokeExecute(DriverCommandExecutor.java:167)
at org.openqa.selenium.remote.service.DriverCommandExecutor.execute(DriverCommandExecutor.java:142)
at org.openqa.selenium.remote.RemoteWebDriver.execute(RemoteWebDriver.java:558)
at org.openqa.selenium.remote.ElementLocation$ElementFinder$2.findElement(ElementLocation.java:162)
at org.openqa.selenium.remote.ElementLocation.findElement(ElementLocation.java:60)
at org.openqa.selenium.remote.RemoteWebDriver.findElement(RemoteWebDriver.java:382)
at org.openqa.selenium.remote.RemoteWebDriver.findElement(RemoteWebDriver.java:374)
at boatLifeStyle.Boat_Shop.boat_ReturnPolicy(Boat_Shop.java:319)
at java.base/jdk.internal.reflect.NativeMethodAccessorImpl.invoke0(Native Method)
at java.base/jdk.internal.reflect.NativeMethodAccessorImpl.invoke(NativeMethodAccessorImpl.java:77)
at java.base/jdk.internal.reflect.DelegatingMethodAccessorImpl.invoke(DelegatingMethodAccessorImpl.java:43)
at java.base/java.lang.reflect.Method.invoke(Method.java:568)
at org.testng.internal.MethodInvocationHelper.invokeMethod(MethodInvocationHelper.java:133)
at org.testng.internal.TestInvoker.invokeMethod(TestInvoker.java:598)
at org.testng.internal.TestInvoker.invokeTestMethod(TestInvoker.java:173)
at org.testng.internal.MethodRunner.runInSequence(MethodRunner.java:46)
at org.testng.internal.TestInvoker$MethodInvocationAgent.invoke(TestInvoker.java:824)
at org.testng.internal.TestInvoker.invokeTestMethods(TestInvoker.java:146)
at org.testng.internal.TestMethodWorker.invokeTestMethods(TestMethodWorker.java:146)
at org.testng.internal.TestMethodWorker.run(TestMethodWorker.java:128)
at java.base/java.util.ArrayList.forEach(ArrayList.java:1511)
at org.testng.TestRunner.privateRun(TestRunner.java:794)
at org.testng.TestRunner.run(TestRunner.java:596)
at org.testng.SuiteRunner.runTest(SuiteRunner.java:377)
at org.testng.SuiteRunner.runSequentially(SuiteRunner.java:371)
at org.testng.SuiteRunner.privateRun(SuiteRunner.java:332)
at org.testng.SuiteRunner.run(SuiteRunner.java:276)
at org.testng.SuiteRunnerWorker.runSuite(SuiteRunnerWorker.java:53)
at org.testng.SuiteRunnerWorker.run(SuiteRunnerWorker.java:96)
at org.testng.TestNG.runSuitesSequentially(TestNG.java:1212)
at org.testng.TestNG.runSuitesLocally(TestNG.java:1134)
at org.testng.TestNG.runSuites(TestNG.java:1063)
at org.testng.TestNG.run(TestNG.java:1031)
at org.testng.remote.AbstractRemoteTestNG.run(AbstractRemoteTestNG.java:115)
at org.testng.remote.RemoteTestNG.initAndRun(RemoteTestNG.java:251)
at org.testng.remote.RemoteTestNG.main(RemoteTestNG.java:77)
]]>
    </failure>
  </testcase> <!-- boat_ReturnPolicy -->
  <testcase classname="boatLifeStyle.Boat_Shop" name="boat_Logout" time="1.224">
    <failure type="org.openqa.selenium.ElementClickInterceptedException" message="element click intercepted: Element &amp;lt;img class=&amp;quot; ls-is-cached lazyloaded&amp;quot; data-src=&amp;quot;https://cdn.shopify.com/s/files/1/0057/8938/4802/files/user_1.png?v=1606314823&amp;quot; alt=&amp;quot;user&amp;quot; src=&amp;quot;https://cdn.shopify.com/s/files/1/0057/8938/4802/files/user_1.png?v=1606314823&amp;quot;&amp;gt; is not clickable at point (1257, 10). Other element would receive the click: &amp;lt;iframe id=&amp;quot;BIS_frame&amp;quot; frameborder=&amp;quot;0&amp;quot; src=&amp;quot;about:blank&amp;quot; allowtransparency=&amp;quot;true&amp;quot; style=&amp;quot;display: block;&amp;quot;&amp;gt;&amp;lt;/iframe&amp;gt;
  (Session info: chrome=100.0.4896.127)
Build info: version: &amp;apos;4.1.2&amp;apos;, revision: &amp;apos;9a5a329c5a&amp;apos;
System info: host: &amp;apos;DESKTOP-M3CURGL&amp;apos;, ip: &amp;apos;192.168.0.11&amp;apos;, os.name: &amp;apos;Windows 10&amp;apos;, os.arch: &amp;apos;amd64&amp;apos;, os.version: &amp;apos;10.0&amp;apos;, java.version: &amp;apos;17.0.1&amp;apos;
Driver info: org.openqa.selenium.chrome.ChromeDriver
Command: [074477ceb418cec6329dc2476cf329f3, clickElement {id=8cefee9f-a8ee-4391-afed-044bce664971}]
Capabilities {acceptInsecureCerts: false, browserName: chrome, browserVersion: 100.0.4896.127, chrome: {chromedriverVersion: 99.0.4844.51 (d537ec02474b5..., userDataDir: C:\Users\samee\AppData\Loca...}, goog:chromeOptions: {debuggerAddress: localhost:50756}, javascriptEnabled: true, networkConnectionEnabled: false, pageLoadStrategy: normal, platform: WINDOWS, platformName: WINDOWS, proxy: Proxy(), se:cdp: ws://localhost:50756/devtoo..., se:cdpVersion: 100.0.4896.127, setWindowRect: true, strictFileInteractability: false, timeouts: {implicit: 0, pageLoad: 300000, script: 30000}, unhandledPromptBehavior: dismiss and notify, webauthn:extension:credBlob: true, webauthn:extension:largeBlob: true, webauthn:virtualAuthenticators: true}
Element: [[ChromeDriver: chrome on WINDOWS (074477ceb418cec6329dc2476cf329f3)] -&amp;gt; xpath: //*[@id=&amp;quot;pageheader&amp;quot;]/div[2]/div[5]/div/div[2]/span[1]/img]
Session ID: 074477ceb418cec6329dc2476cf329f3">
      <![CDATA[org.openqa.selenium.ElementClickInterceptedException: element click intercepted: Element <img class=" ls-is-cached lazyloaded" data-src="https://cdn.shopify.com/s/files/1/0057/8938/4802/files/user_1.png?v=1606314823" alt="user" src="https://cdn.shopify.com/s/files/1/0057/8938/4802/files/user_1.png?v=1606314823"> is not clickable at point (1257, 10). Other element would receive the click: <iframe id="BIS_frame" frameborder="0" src="about:blank" allowtransparency="true" style="display: block;"></iframe>
  (Session info: chrome=100.0.4896.127)
Build info: version: '4.1.2', revision: '9a5a329c5a'
System info: host: 'DESKTOP-M3CURGL', ip: '192.168.0.11', os.name: 'Windows 10', os.arch: 'amd64', os.version: '10.0', java.version: '17.0.1'
Driver info: org.openqa.selenium.chrome.ChromeDriver
Command: [074477ceb418cec6329dc2476cf329f3, clickElement {id=8cefee9f-a8ee-4391-afed-044bce664971}]
Capabilities {acceptInsecureCerts: false, browserName: chrome, browserVersion: 100.0.4896.127, chrome: {chromedriverVersion: 99.0.4844.51 (d537ec02474b5..., userDataDir: C:\Users\samee\AppData\Loca...}, goog:chromeOptions: {debuggerAddress: localhost:50756}, javascriptEnabled: true, networkConnectionEnabled: false, pageLoadStrategy: normal, platform: WINDOWS, platformName: WINDOWS, proxy: Proxy(), se:cdp: ws://localhost:50756/devtoo..., se:cdpVersion: 100.0.4896.127, setWindowRect: true, strictFileInteractability: false, timeouts: {implicit: 0, pageLoad: 300000, script: 30000}, unhandledPromptBehavior: dismiss and notify, webauthn:extension:credBlob: true, webauthn:extension:largeBlob: true, webauthn:virtualAuthenticators: true}
Element: [[ChromeDriver: chrome on WINDOWS (074477ceb418cec6329dc2476cf329f3)] -> xpath: //*[@id="pageheader"]/div[2]/div[5]/div/div[2]/span[1]/img]
Session ID: 074477ceb418cec6329dc2476cf329f3
at java.base/jdk.internal.reflect.NativeConstructorAccessorImpl.newInstance0(Native Method)
at java.base/jdk.internal.reflect.NativeConstructorAccessorImpl.newInstance(NativeConstructorAccessorImpl.java:77)
at java.base/jdk.internal.reflect.DelegatingConstructorAccessorImpl.newInstance(DelegatingConstructorAccessorImpl.java:45)
at java.base/java.lang.reflect.Constructor.newInstanceWithCaller(Constructor.java:499)
at java.base/java.lang.reflect.Constructor.newInstance(Constructor.java:480)
at org.openqa.selenium.remote.codec.w3c.W3CHttpResponseCodec.createException(W3CHttpResponseCodec.java:200)
at org.openqa.selenium.remote.codec.w3c.W3CHttpResponseCodec.decode(W3CHttpResponseCodec.java:133)
at org.openqa.selenium.remote.codec.w3c.W3CHttpResponseCodec.decode(W3CHttpResponseCodec.java:53)
at org.openqa.selenium.remote.HttpCommandExecutor.execute(HttpCommandExecutor.java:184)
at org.openqa.selenium.remote.service.DriverCommandExecutor.invokeExecute(DriverCommandExecutor.java:167)
at org.openqa.selenium.remote.service.DriverCommandExecutor.execute(DriverCommandExecutor.java:142)
at org.openqa.selenium.remote.RemoteWebDriver.execute(RemoteWebDriver.java:558)
at org.openqa.selenium.remote.RemoteWebElement.execute(RemoteWebElement.java:251)
at org.openqa.selenium.remote.RemoteWebElement.click(RemoteWebElement.java:77)
at boatLifeStyle.Boat_Shop.boat_Logout(Boat_Shop.java:328)
at java.base/jdk.internal.reflect.NativeMethodAccessorImpl.invoke0(Native Method)
at java.base/jdk.internal.reflect.NativeMethodAccessorImpl.invoke(NativeMethodAccessorImpl.java:77)
at java.base/jdk.internal.reflect.DelegatingMethodAccessorImpl.invoke(DelegatingMethodAccessorImpl.java:43)
at java.base/java.lang.reflect.Method.invoke(Method.java:568)
at org.testng.internal.MethodInvocationHelper.invokeMethod(MethodInvocationHelper.java:133)
at org.testng.internal.TestInvoker.invokeMethod(TestInvoker.java:598)
at org.testng.internal.TestInvoker.invokeTestMethod(TestInvoker.java:173)
at org.testng.internal.MethodRunner.runInSequence(MethodRunner.java:46)
at org.testng.internal.TestInvoker$MethodInvocationAgent.invoke(TestInvoker.java:824)
at org.testng.internal.TestInvoker.invokeTestMethods(TestInvoker.java:146)
at org.testng.internal.TestMethodWorker.invokeTestMethods(TestMethodWorker.java:146)
at org.testng.internal.TestMethodWorker.run(TestMethodWorker.java:128)
at java.base/java.util.ArrayList.forEach(ArrayList.java:1511)
at org.testng.TestRunner.privateRun(TestRunner.java:794)
at org.testng.TestRunner.run(TestRunner.java:596)
at org.testng.SuiteRunner.runTest(SuiteRunner.java:377)
at org.testng.SuiteRunner.runSequentially(SuiteRunner.java:371)
at org.testng.SuiteRunner.privateRun(SuiteRunner.java:332)
at org.testng.SuiteRunner.run(SuiteRunner.java:276)
at org.testng.SuiteRunnerWorker.runSuite(SuiteRunnerWorker.java:53)
at org.testng.SuiteRunnerWorker.run(SuiteRunnerWorker.java:96)
at org.testng.TestNG.runSuitesSequentially(TestNG.java:1212)
at org.testng.TestNG.runSuitesLocally(TestNG.java:1134)
at org.testng.TestNG.runSuites(TestNG.java:1063)
at org.testng.TestNG.run(TestNG.java:1031)
at org.testng.remote.AbstractRemoteTestNG.run(AbstractRemoteTestNG.java:115)
at org.testng.remote.RemoteTestNG.initAndRun(RemoteTestNG.java:251)
at org.testng.remote.RemoteTestNG.main(RemoteTestNG.java:77)
]]>
    </failure>
  </testcase> <!-- boat_Logout -->
</testsuite> <!-- Default test -->
